2014-06-22 19:18:06.151 HelloCordova[8308:70b] Multi-tasking -> Device: YES, App: YES
2014-06-22 19:18:06.196 HelloCordova[8308:70b] Unlimited access to network resources
2014-06-22 19:18:10.013 HelloCordova[8308:70b] [CDVTimer][keyboard] 88.160992ms
2014-06-22 19:18:10.014 HelloCordova[8308:70b] CDVPlugin class CDVStatusBar (pluginName: statusbar) does not exist.
2014-06-22 19:18:10.015 HelloCordova[8308:70b] [CDVTimer][statusbar] 0.581980ms
2014-06-22 19:18:10.015 HelloCordova[8308:70b] [CDVTimer][TotalPluginStartup] 90.273976ms
2014-06-22 19:18:11.834 HelloCordova[8308:70b] Resetting plugins due to page load.
2014-06-22 19:18:16.311 HelloCordova[8308:70b] Finished load of: file:///Users/Abe/Library/Application%20Support/iPhone%20Simulator/7.1/Applications/14A272E5-36E6-4C2F-B268-F85638801406/HelloCordova.app/www/index.html#/tab/dash
2014-06-22 19:19:01.459 HelloCordova[8308:70b] Received memory warning.
2014-06-22 22:36:05.331 HelloCordova[10109:70b] Multi-tasking -> Device: YES, App: YES
2014-06-22 22:36:05.386 HelloCordova[10109:70b] Unlimited access to network resources
2014-06-22 22:36:06.188 HelloCordova[10109:70b] [CDVTimer][keyboard] 0.158012ms
2014-06-22 22:36:06.189 HelloCordova[10109:70b] CDVPlugin class CDVStatusBar (pluginName: statusbar) does not exist.
2014-06-22 22:36:06.189 HelloCordova[10109:70b] [CDVTimer][statusbar] 0.722051ms
2014-06-22 22:36:06.190 HelloCordova[10109:70b] [CDVTimer][TotalPluginStartup] 2.357006ms
2014-06-22 22:36:06.531 HelloCordova[10109:70b] Resetting plugins due to page load.
2014-06-22 22:36:07.001 HelloCordova[10109:70b] Finished load of: file:///Users/Abe/Library/Application%20Support/iPhone%20Simulator/7.1/Applications/14A272E5-36E6-4C2F-B268-F85638801406/HelloCordova.app/www/index.html#/tab/dash
2014-06-22 22:37:29.588 HelloCordova[10425:70b] Multi-tasking -> Device: YES, App: YES
2014-06-22 22:37:29.613 HelloCordova[10425:70b] Unlimited access to network resources
2014-06-22 22:37:29.653 HelloCordova[10425:70b] [CDVTimer][keyboard] 0.142992ms
2014-06-22 22:37:29.654 HelloCordova[10425:70b] CDVPlugin class CDVStatusBar (pluginName: statusbar) does not exist.
2014-06-22 22:37:29.655 HelloCordova[10425:70b] [CDVTimer][statusbar] 0.635028ms
2014-06-22 22:37:29.655 HelloCordova[10425:70b] [CDVTimer][TotalPluginStartup] 2.104998ms
2014-06-22 22:37:29.870 HelloCordova[10425:70b] Resetting plugins due to page load.
2014-06-22 22:37:30.092 HelloCordova[10425:70b] Finished load of: file:///Users/Abe/Library/Application%20Support/iPhone%20Simulator/7.1/Applications/14A272E5-36E6-4C2F-B268-F85638801406/HelloCordova.app/www/index.html
2014-06-22 23:44:38.982 HelloCordova[11506:70b] Multi-tasking -> Device: YES, App: YES
2014-06-22 23:44:39.045 HelloCordova[11506:70b] Unlimited access to network resources
2014-06-22 23:44:39.234 HelloCordova[11506:70b] [CDVTimer][keyboard] 0.096977ms
2014-06-22 23:44:39.234 HelloCordova[11506:70b] CDVPlugin class CDVStatusBar (pluginName: statusbar) does not exist.
2014-06-22 23:44:39.235 HelloCordova[11506:70b] [CDVTimer][statusbar] 0.621021ms
2014-06-22 23:44:39.235 HelloCordova[11506:70b] [CDVTimer][TotalPluginStartup] 1.975000ms
2014-06-22 23:44:39.806 HelloCordova[11506:70b] Resetting plugins due to page load.
2014-06-22 23:44:40.098 HelloCordova[11506:70b] Finished load of: file:///Users/Abe/Library/Application%20Support/iPhone%20Simulator/7.1/Applications/14A272E5-36E6-4C2F-B268-F85638801406/HelloCordova.app/www/index.html#/tab/dash
2014-06-22 23:44:53.523 HelloCordova[11506:70b] Received memory warning.
2014-06-22 23:53:26.484 HelloCordova[12578:70b] Multi-tasking -> Device: YES, App: YES
2014-06-22 23:53:26.534 HelloCordova[12578:70b] Unlimited access to network resources
2014-06-22 23:53:27.073 HelloCordova[12578:70b] [CDVTimer][keyboard] 0.795007ms
2014-06-22 23:53:27.073 HelloCordova[12578:70b] CDVPlugin class CDVStatusBar (pluginName: statusbar) does not exist.
2014-06-22 23:53:27.074 HelloCordova[12578:70b] [CDVTimer][statusbar] 0.528991ms
2014-06-22 23:53:27.074 HelloCordova[12578:70b] [CDVTimer][TotalPluginStartup] 4.993975ms
2014-06-22 23:53:27.516 HelloCordova[12578:70b] Resetting plugins due to page load.
2014-06-22 23:53:28.035 HelloCordova[12578:70b] Finished load of: file:///Users/Abe/Library/Application%20Support/iPhone%20Simulator/7.1/Applications/14A272E5-36E6-4C2F-B268-F85638801406/HelloCordova.app/www/index.html#/tab/dash
2014-06-22 23:53:31.611 HelloCordova[12578:70b] [{"id":0,"name":"Scruff McGruff"},{"id":1,"name":"G.I. Joe"},{"id":2,"name":"Miss Frizzle"},{"id":3,"name":"Ash Ketchum"}]
2014-06-22 23:53:45.476 HelloCordova[12578:70b] [{"livestream_id":11,"full_name":"Charles-Eric Dessart","dob":"1986-06-24T00:00:00.000Z","favorite_camera":"","favorite_movies":"","id":2}]
2014-06-22 23:54:34.566 HelloCordova[12578:70b] [{"livestream_id":11,"full_name":"Charles-Eric Dessart","dob":"1986-06-24T00:00:00.000Z","favorite_camera":"","favorite_movies":"","id":2,"$$hashKey":"019"}]
2014-06-22 23:55:04.751 HelloCordova[13019:70b] Multi-tasking -> Device: YES, App: YES
2014-06-22 23:55:04.788 HelloCordova[13019:70b] Unlimited access to network resources
2014-06-22 23:55:04.829 HelloCordova[13019:70b] [CDVTimer][keyboard] 0.132024ms
2014-06-22 23:55:04.830 HelloCordova[13019:70b] CDVPlugin class CDVStatusBar (pluginName: statusbar) does not exist.
2014-06-22 23:55:04.830 HelloCordova[13019:70b] [CDVTimer][statusbar] 0.492990ms
2014-06-22 23:55:04.831 HelloCordova[13019:70b] [CDVTimer][TotalPluginStartup] 1.550972ms
2014-06-22 23:55:05.058 HelloCordova[13019:70b] Resetting plugins due to page load.
2014-06-22 23:55:05.312 HelloCordova[13019:70b] Finished load of: file:///Users/Abe/Library/Application%20Support/iPhone%20Simulator/7.1/Applications/14A272E5-36E6-4C2F-B268-F85638801406/HelloCordova.app/www/index.html#/tab/dash
2014-06-22 23:55:26.732 HelloCordova[13019:70b] [{"id":0,"name":"Scruff McGruff"},{"id":1,"name":"G.I. Joe"},{"id":2,"name":"Miss Frizzle"},{"id":3,"name":"Ash Ketchum"}]
2014-06-22 23:55:31.703 HelloCordova[13019:70b] [{"livestream_id":11,"full_name":"Charles-Eric Dessart","dob":"1986-06-24T00:00:00.000Z","favorite_camera":"","favorite_movies":"","id":2}]
2014-06-22 23:55:36.904 HelloCordova[13019:70b] [{"livestream_id":11,"full_name":"Charles-Eric Dessart","dob":"1986-06-24T00:00:00.000Z","favorite_camera":"","favorite_movies":"","id":2,"$$hashKey":"019"}]
2014-06-23 00:05:26.881 HelloCordova[13510:70b] Multi-tasking -> Device: YES, App: YES
2014-06-23 00:05:26.945 HelloCordova[13510:70b] Unlimited access to network resources
2014-06-23 00:05:27.123 HelloCordova[13510:70b] [CDVTimer][keyboard] 0.090957ms
2014-06-23 00:05:27.123 HelloCordova[13510:70b] CDVPlugin class CDVStatusBar (pluginName: statusbar) does not exist.
2014-06-23 00:05:27.124 HelloCordova[13510:70b] [CDVTimer][statusbar] 0.472009ms
2014-06-23 00:05:27.124 HelloCordova[13510:70b] [CDVTimer][TotalPluginStartup] 1.396000ms
2014-06-23 00:05:27.436 HelloCordova[13510:70b] Resetting plugins due to page load.
2014-06-23 00:05:30.518 HelloCordova[13510:70b] Finished load of: file:///Users/Abe/Library/Application%20Support/iPhone%20Simulator/7.1/Applications/14A272E5-36E6-4C2F-B268-F85638801406/HelloCordova.app/www/index.html#/tab/dash
2014-06-23 00:05:32.460 HelloCordova[13510:70b] [{"id":0,"name":"Scruff McGruff"},{"id":1,"name":"G.I. Joe"},{"id":2,"name":"Miss Frizzle"},{"id":3,"name":"Ash Ketchum"}]
2014-06-23 00:05:35.901 HelloCordova[13510:70b] [{"livestream_id":11,"full_name":"Charles-Eric Dessart","dob":"1986-06-24T00:00:00.000Z","favorite_camera":"","favorite_movies":"","id":2}]
2014-06-23 00:05:38.546 HelloCordova[13510:70b] [{"livestream_id":11,"full_name":"Charles-Eric Dessart","dob":"1986-06-24T00:00:00.000Z","favorite_camera":"","favorite_movies":"","id":2,"$$hashKey":"018"}]
2014-06-23 00:05:42.625 HelloCordova[13510:70b] [{"livestream_id":11,"full_name":"Charles-Eric Dessart","dob":"1986-06-24T00:00:00.000Z","favorite_camera":"","favorite_movies":"","id":2,"$$hashKey":"018"}]
2014-06-23 00:11:50.699 HelloCordova[14361:70b] Multi-tasking -> Device: YES, App: YES
2014-06-23 00:11:50.713 HelloCordova[14361:70b] Unlimited access to network resources
2014-06-23 00:11:50.761 HelloCordova[14361:70b] [CDVTimer][keyboard] 0.134051ms
2014-06-23 00:11:50.761 HelloCordova[14361:70b] CDVPlugin class CDVStatusBar (pluginName: statusbar) does not exist.
2014-06-23 00:11:50.762 HelloCordova[14361:70b] [CDVTimer][statusbar] 0.490963ms
2014-06-23 00:11:50.762 HelloCordova[14361:70b] [CDVTimer][TotalPluginStartup] 1.622021ms
2014-06-23 00:11:51.131 HelloCordova[14361:70b] Resetting plugins due to page load.
2014-06-23 00:11:51.379 HelloCordova[14361:70b] Finished load of: file:///Users/Abe/Library/Application%20Support/iPhone%20Simulator/7.1/Applications/14A272E5-36E6-4C2F-B268-F85638801406/HelloCordova.app/www/index.html#/tab/dash
2014-06-23 00:11:55.390 HelloCordova[14361:70b] [{"id":0,"name":"Scruff McGruff"},{"id":1,"name":"G.I. Joe"},{"id":2,"name":"Miss Frizzle"},{"id":3,"name":"Ash Ketchum"}]
2014-06-23 00:11:57.643 HelloCordova[14361:70b] [{"livestream_id":11,"full_name":"Charles-Eric Dessart","dob":"1986-06-24T00:00:00.000Z","favorite_camera":"","favorite_movies":"","id":2}]
2014-06-23 00:12:00.424 HelloCordova[14361:70b] [{"livestream_id":11,"full_name":"Charles-Eric Dessart","dob":"1986-06-24T00:00:00.000Z","favorite_camera":"","favorite_movies":"","id":2,"$$hashKey":"019"}]
2014-06-23 00:14:24.832 HelloCordova[14361:70b] [{"livestream_id":11,"full_name":"Charles-Eric Dessart","dob":"1986-06-24T00:00:00.000Z","favorite_camera":"","favorite_movies":"","id":2,"$$hashKey":"019"}]
2014-06-23 00:14:27.021 HelloCordova[14361:70b] [{"livestream_id":11,"full_name":"Charles-Eric Dessart","dob":"1986-06-24T00:00:00.000Z","favorite_camera":"","favorite_movies":"","id":2,"$$hashKey":"019"}]
2014-06-23 00:14:47.206 HelloCordova[14846:70b] Multi-tasking -> Device: YES, App: YES
2014-06-23 00:14:47.220 HelloCordova[14846:70b] Unlimited access to network resources
2014-06-23 00:14:47.248 HelloCordova[14846:70b] [CDVTimer][keyboard] 0.136018ms
2014-06-23 00:14:47.249 HelloCordova[14846:70b] CDVPlugin class CDVStatusBar (pluginName: statusbar) does not exist.
2014-06-23 00:14:47.249 HelloCordova[14846:70b] [CDVTimer][statusbar] 0.512004ms
2014-06-23 00:14:47.250 HelloCordova[14846:70b] [CDVTimer][TotalPluginStartup] 1.638055ms
2014-06-23 00:14:47.528 HelloCordova[14846:70b] Resetting plugins due to page load.
2014-06-23 00:14:47.769 HelloCordova[14846:70b] Finished load of: file:///Users/Abe/Library/Application%20Support/iPhone%20Simulator/7.1/Applications/14A272E5-36E6-4C2F-B268-F85638801406/HelloCordova.app/www/index.html#/tab/dash
2014-06-23 00:14:52.285 HelloCordova[14846:70b] [{"livestream_id":11,"full_name":"Charles-Eric Dessart","dob":"1986-06-24T00:00:00.000Z","favorite_camera":"","favorite_movies":"","id":2}]
2014-06-23 00:14:55.908 HelloCordova[14846:70b] [{"livestream_id":11,"full_name":"Charles-Eric Dessart","dob":"1986-06-24T00:00:00.000Z","favorite_camera":"","favorite_movies":"","id":2,"$$hashKey":"00X"}]
2014-06-23 00:16:51.971 HelloCordova[15305:70b] Multi-tasking -> Device: YES, App: YES
2014-06-23 00:16:52.021 HelloCordova[15305:70b] Unlimited access to network resources
2014-06-23 00:16:52.156 HelloCordova[15305:70b] [CDVTimer][keyboard] 0.080049ms
2014-06-23 00:16:52.157 HelloCordova[15305:70b] CDVPlugin class CDVStatusBar (pluginName: statusbar) does not exist.
2014-06-23 00:16:52.157 HelloCordova[15305:70b] [CDVTimer][statusbar] 0.452995ms
2014-06-23 00:16:52.157 HelloCordova[15305:70b] [CDVTimer][TotalPluginStartup] 1.276970ms
2014-06-23 00:16:52.507 HelloCordova[15305:70b] Resetting plugins due to page load.
2014-06-23 00:16:52.816 HelloCordova[15305:70b] Finished load of: file:///Users/Abe/Library/Application%20Support/iPhone%20Simulator/7.1/Applications/14A272E5-36E6-4C2F-B268-F85638801406/HelloCordova.app/www/index.html#/tab/dash
2014-06-23 00:16:58.153 HelloCordova[15305:70b] [{"livestream_id":11,"full_name":"Charles-Eric Dessart","dob":"1986-06-24T00:00:00.000Z","favorite_camera":"","favorite_movies":"","id":2}]
2014-06-23 00:17:01.541 HelloCordova[15305:70b] [{"livestream_id":11,"full_name":"Charles-Eric Dessart","dob":"1986-06-24T00:00:00.000Z","favorite_camera":"","favorite_movies":"","id":2,"$$hashKey":"00X"}]
2014-06-23 00:17:13.683 HelloCordova[15305:70b] [{"livestream_id":11,"full_name":"Charles-Eric Dessart","dob":"1986-06-24T00:00:00.000Z","favorite_camera":"","favorite_movies":"","id":2,"$$hashKey":"00X"}]
2014-06-23 00:20:57.380 HelloCordova[15771:70b] Multi-tasking -> Device: YES, App: YES
2014-06-23 00:20:57.429 HelloCordova[15771:70b] Unlimited access to network resources
2014-06-23 00:20:57.558 HelloCordova[15771:70b] [CDVTimer][keyboard] 0.087023ms
2014-06-23 00:20:57.559 HelloCordova[15771:70b] CDVPlugin class CDVStatusBar (pluginName: statusbar) does not exist.
2014-06-23 00:20:57.559 HelloCordova[15771:70b] [CDVTimer][statusbar] 0.449955ms
2014-06-23 00:20:57.560 HelloCordova[15771:70b] [CDVTimer][TotalPluginStartup] 1.322985ms
2014-06-23 00:20:57.944 HelloCordova[15771:70b] Resetting plugins due to page load.
2014-06-23 00:20:58.282 HelloCordova[15771:70b] Finished load of: file:///Users/Abe/Library/Application%20Support/iPhone%20Simulator/7.1/Applications/14A272E5-36E6-4C2F-B268-F85638801406/HelloCordova.app/www/index.html#/tab/dash
2014-06-23 00:21:03.619 HelloCordova[15771:70b] [{"livestream_id":11,"full_name":"Charles-Eric Dessart","dob":"1986-06-24T00:00:00.000Z","favorite_camera":"","favorite_movies":"","id":2}]
2014-06-23 00:21:04.958 HelloCordova[15771:70b] id  
2014-06-23 00:21:06.577 HelloCordova[15771:70b] [{"livestream_id":11,"full_name":"Charles-Eric Dessart","dob":"1986-06-24T00:00:00.000Z","favorite_camera":"","favorite_movies":"","id":2,"$$hashKey":"00X"}]
2014-06-23 00:21:16.683 HelloCordova[15771:70b] id  
2014-06-23 00:23:30.311 HelloCordova[16246:70b] Multi-tasking -> Device: YES, App: YES
2014-06-23 00:23:30.321 HelloCordova[16246:70b] Unlimited access to network resources
2014-06-23 00:23:30.347 HelloCordova[16246:70b] [CDVTimer][keyboard] 0.128031ms
2014-06-23 00:23:30.348 HelloCordova[16246:70b] CDVPlugin class CDVStatusBar (pluginName: statusbar) does not exist.
2014-06-23 00:23:30.348 HelloCordova[16246:70b] [CDVTimer][statusbar] 0.438988ms
2014-06-23 00:23:30.349 HelloCordova[16246:70b] [CDVTimer][TotalPluginStartup] 1.559973ms
2014-06-23 00:23:30.683 HelloCordova[16246:70b] Resetting plugins due to page load.
2014-06-23 00:23:30.938 HelloCordova[16246:70b] Finished load of: file:///Users/Abe/Library/Application%20Support/iPhone%20Simulator/7.1/Applications/14A272E5-36E6-4C2F-B268-F85638801406/HelloCordova.app/www/index.html#/tab/dash
2014-06-23 00:23:39.493 HelloCordova[16246:70b] [{"livestream_id":11,"full_name":"Charles-Eric Dessart","dob":"1986-06-24T00:00:00.000Z","favorite_camera":"","favorite_movies":"","id":2}]
2014-06-23 00:23:40.496 HelloCordova[16246:70b] 2 2
2014-06-23 00:23:50.280 HelloCordova[16246:70b] [{"livestream_id":11,"full_name":"Charles-Eric Dessart","dob":"1986-06-24T00:00:00.000Z","favorite_camera":"","favorite_movies":"","id":2,"$$hashKey":"00X"}]
2014-06-23 00:23:51.750 HelloCordova[16246:70b] 2 2
2014-06-23 00:24:43.727 HelloCordova[16246:70b] [{"livestream_id":11,"full_name":"Charles-Eric Dessart","dob":"1986-06-24T00:00:00.000Z","favorite_camera":"","favorite_movies":"","id":2,"$$hashKey":"00X"}]
2014-06-23 00:24:44.847 HelloCordova[16246:70b] 2 2
2014-06-23 00:24:45.967 HelloCordova[16246:70b] [{"livestream_id":11,"full_name":"Charles-Eric Dessart","dob":"1986-06-24T00:00:00.000Z","favorite_camera":"","favorite_movies":"","id":2,"$$hashKey":"00X"}]
2014-06-23 00:24:47.587 HelloCordova[16246:70b] [{"livestream_id":11,"full_name":"Charles-Eric Dessart","dob":"1986-06-24T00:00:00.000Z","favorite_camera":"","favorite_movies":"","id":2,"$$hashKey":"00X"}]
2014-06-23 00:24:48.481 HelloCordova[16246:70b] 2 2
2014-06-23 00:24:56.181 HelloCordova[16246:70b] [{"livestream_id":11,"full_name":"Charles-Eric Dessart","dob":"1986-06-24T00:00:00.000Z","favorite_camera":"","favorite_movies":"","id":2,"$$hashKey":"00X"}]
2014-06-23 00:25:13.592 HelloCordova[16687:70b] Multi-tasking -> Device: YES, App: YES
2014-06-23 00:25:13.604 HelloCordova[16687:70b] Unlimited access to network resources
2014-06-23 00:25:13.638 HelloCordova[16687:70b] [CDVTimer][keyboard] 0.129044ms
2014-06-23 00:25:13.638 HelloCordova[16687:70b] CDVPlugin class CDVStatusBar (pluginName: statusbar) does not exist.
2014-06-23 00:25:13.639 HelloCordova[16687:70b] [CDVTimer][statusbar] 0.492990ms
2014-06-23 00:25:13.639 HelloCordova[16687:70b] [CDVTimer][TotalPluginStartup] 1.636028ms
2014-06-23 00:25:13.904 HelloCordova[16687:70b] Resetting plugins due to page load.
2014-06-23 00:25:14.177 HelloCordova[16687:70b] Finished load of: file:///Users/Abe/Library/Application%20Support/iPhone%20Simulator/7.1/Applications/14A272E5-36E6-4C2F-B268-F85638801406/HelloCordova.app/www/index.html#/tab/dash
2014-06-23 00:25:21.808 HelloCordova[16687:70b] [{"livestream_id":11,"full_name":"Charles-Eric Dessart","dob":"1986-06-24T00:00:00.000Z","favorite_camera":"","favorite_movies":"","id":2}]
2014-06-23 00:25:22.792 HelloCordova[16687:70b] 2 2
2014-06-23 00:25:22.792 HelloCordova[16687:70b] {"livestream_id":11,"full_name":"Charles-Eric Dessart","dob":"1986-06-24T00:00:00.000Z","favorite_camera":"","favorite_movies":"","id":2,"$$hashKey":"00X"}
2014-06-23 00:26:10.476 HelloCordova[16687:70b] [{"livestream_id":11,"full_name":"Charles-Eric Dessart","dob":"1986-06-24T00:00:00.000Z","favorite_camera":"","favorite_movies":"","id":2,"$$hashKey":"00X"}]
2014-06-23 00:28:04.997 HelloCordova[16687:70b] 2 2
2014-06-23 00:28:04.998 HelloCordova[16687:70b] {"livestream_id":11,"full_name":"Charles-Eric Dessart","dob":"1986-06-24T00:00:00.000Z","favorite_camera":"","favorite_movies":"","id":2,"$$hashKey":"00X"}
2014-06-23 00:28:06.625 HelloCordova[16687:70b] [{"livestream_id":11,"full_name":"Charles-Eric Dessart","dob":"1986-06-24T00:00:00.000Z","favorite_camera":"","favorite_movies":"","id":2,"$$hashKey":"00X"}]
2014-06-23 00:29:21.015 HelloCordova[17134:70b] Multi-tasking -> Device: YES, App: YES
2014-06-23 00:29:21.029 HelloCordova[17134:70b] Unlimited access to network resources
2014-06-23 00:29:21.059 HelloCordova[17134:70b] [CDVTimer][keyboard] 0.092030ms
2014-06-23 00:29:21.060 HelloCordova[17134:70b] CDVPlugin class CDVStatusBar (pluginName: statusbar) does not exist.
2014-06-23 00:29:21.060 HelloCordova[17134:70b] [CDVTimer][statusbar] 0.497997ms
2014-06-23 00:29:21.061 HelloCordova[17134:70b] [CDVTimer][TotalPluginStartup] 1.416028ms
2014-06-23 00:29:21.372 HelloCordova[17134:70b] Resetting plugins due to page load.
2014-06-23 00:29:21.623 HelloCordova[17134:70b] Finished load of: file:///Users/Abe/Library/Application%20Support/iPhone%20Simulator/7.1/Applications/14A272E5-36E6-4C2F-B268-F85638801406/HelloCordova.app/www/index.html#/tab/dash
2014-06-23 00:29:26.645 HelloCordova[17134:70b] [{"livestream_id":11,"full_name":"Charles-Eric Dessart","dob":"1986-06-24T00:00:00.000Z","favorite_camera":"","favorite_movies":"","id":2}]
2014-06-23 00:29:27.556 HelloCordova[17134:70b] 2 2
2014-06-23 00:29:27.556 HelloCordova[17134:70b] {"livestream_id":11,"full_name":"Charles-Eric Dessart","dob":"1986-06-24T00:00:00.000Z","favorite_camera":"","favorite_movies":"","id":2,"$$hashKey":"00X"}
2014-06-23 00:31:28.103 HelloCordova[17134:70b] [{"livestream_id":11,"full_name":"Charles-Eric Dessart","dob":"1986-06-24T00:00:00.000Z","favorite_camera":"","favorite_movies":"","id":2,"$$hashKey":"00X"}]
2014-06-23 00:31:44.774 HelloCordova[17134:70b] [{"livestream_id":11,"full_name":"Charles-Eric Dessart","dob":"1986-06-24T00:00:00.000Z","favorite_camera":"","favorite_movies":"","id":2,"$$hashKey":"00X"}]
2014-06-23 00:32:05.856 HelloCordova[17587:70b] Multi-tasking -> Device: YES, App: YES
2014-06-23 00:32:05.865 HelloCordova[17587:70b] Unlimited access to network resources
2014-06-23 00:32:05.887 HelloCordova[17587:70b] [CDVTimer][keyboard] 0.079989ms
2014-06-23 00:32:05.888 HelloCordova[17587:70b] CDVPlugin class CDVStatusBar (pluginName: statusbar) does not exist.
2014-06-23 00:32:05.888 HelloCordova[17587:70b] [CDVTimer][statusbar] 0.449002ms
2014-06-23 00:32:05.888 HelloCordova[17587:70b] [CDVTimer][TotalPluginStartup] 1.326978ms
2014-06-23 00:32:06.158 HelloCordova[17587:70b] Resetting plugins due to page load.
2014-06-23 00:32:06.357 HelloCordova[17587:70b] Finished load of: file:///Users/Abe/Library/Application%20Support/iPhone%20Simulator/7.1/Applications/14A272E5-36E6-4C2F-B268-F85638801406/HelloCordova.app/www/index.html#/tab/dash
2014-06-23 00:33:24.458 HelloCordova[17587:70b] [{"livestream_id":11,"full_name":"Charles-Eric Dessart","dob":"1986-06-24T00:00:00.000Z","favorite_camera":"","favorite_movies":"","id":2}]
2014-06-23 00:33:26.468 HelloCordova[17587:70b] 2 2
2014-06-23 00:33:26.469 HelloCordova[17587:70b] {"livestream_id":11,"full_name":"Charles-Eric Dessart","dob":"1986-06-24T00:00:00.000Z","favorite_camera":"","favorite_movies":"","id":2,"$$hashKey":"00X"}
2014-06-23 00:36:01.890 HelloCordova[17837:70b] Multi-tasking -> Device: YES, App: YES
2014-06-23 00:36:01.904 HelloCordova[17837:70b] Unlimited access to network resources
2014-06-23 00:36:01.940 HelloCordova[17837:70b] [CDVTimer][keyboard] 0.135958ms
2014-06-23 00:36:01.941 HelloCordova[17837:70b] CDVPlugin class CDVStatusBar (pluginName: statusbar) does not exist.
2014-06-23 00:36:01.941 HelloCordova[17837:70b] [CDVTimer][statusbar] 0.496030ms
2014-06-23 00:36:01.942 HelloCordova[17837:70b] [CDVTimer][TotalPluginStartup] 1.589000ms
2014-06-23 00:36:02.235 HelloCordova[17837:70b] Resetting plugins due to page load.
2014-06-23 00:36:02.483 HelloCordova[17837:70b] Finished load of: file:///Users/Abe/Library/Application%20Support/iPhone%20Simulator/7.1/Applications/14A272E5-36E6-4C2F-B268-F85638801406/HelloCordova.app/www/index.html#/tab/dash
2014-06-23 00:36:05.898 HelloCordova[17837:70b] [{"livestream_id":11,"full_name":"Charles-Eric Dessart","dob":"1986-06-24T00:00:00.000Z","favorite_camera":"","favorite_movies":"","id":2}]
2014-06-23 00:36:07.552 HelloCordova[17837:70b] 2 2
2014-06-23 00:36:07.552 HelloCordova[17837:70b] {"livestream_id":11,"full_name":"Charles-Eric Dessart","dob":"1986-06-24T00:00:00.000Z","favorite_camera":"","favorite_movies":"","id":2,"$$hashKey":"00W"}
2014-06-23 00:36:16.170 HelloCordova[17837:70b] [{"livestream_id":11,"full_name":"Charles-Eric Dessart","dob":"1986-06-24T00:00:00.000Z","favorite_camera":"","favorite_movies":"","id":2,"$$hashKey":"00W"}]
2014-06-23 00:40:55.206 HelloCordova[18030:70b] Multi-tasking -> Device: YES, App: YES
2014-06-23 00:40:55.262 HelloCordova[18030:70b] Unlimited access to network resources
2014-06-23 00:40:55.409 HelloCordova[18030:70b] [CDVTimer][keyboard] 0.098050ms
2014-06-23 00:40:55.409 HelloCordova[18030:70b] CDVPlugin class CDVStatusBar (pluginName: statusbar) does not exist.
2014-06-23 00:40:55.410 HelloCordova[18030:70b] [CDVTimer][statusbar] 0.456989ms
2014-06-23 00:40:55.410 HelloCordova[18030:70b] [CDVTimer][TotalPluginStartup] 1.329005ms
2014-06-23 00:40:55.856 HelloCordova[18030:70b] Resetting plugins due to page load.
2014-06-23 00:40:56.209 HelloCordova[18030:70b] Finished load of: file:///Users/Abe/Library/Application%20Support/iPhone%20Simulator/7.1/Applications/14A272E5-36E6-4C2F-B268-F85638801406/HelloCordova.app/www/index.html#/tab/dash
2014-06-23 00:41:08.385 HelloCordova[18030:70b] [{"livestream_id":11,"full_name":"Charles-Eric Dessart","dob":"1986-06-24T00:00:00.000Z","favorite_camera":"","favorite_movies":"","id":2}]
2014-06-23 00:41:09.441 HelloCordova[18030:70b] 2 2
2014-06-23 00:41:09.442 HelloCordova[18030:70b] {"livestream_id":11,"full_name":"Charles-Eric Dessart","dob":"1986-06-24T00:00:00.000Z","favorite_camera":"","favorite_movies":"","id":2,"$$hashKey":"012"}
2014-06-23 00:41:10.630 HelloCordova[18030:70b] [{"livestream_id":11,"full_name":"Charles-Eric Dessart","dob":"1986-06-24T00:00:00.000Z","favorite_camera":"","favorite_movies":"","id":2,"$$hashKey":"012"}]
2014-06-23 00:41:56.370 HelloCordova[18030:70b] Resetting plugins due to page load.
2014-06-23 00:41:57.274 HelloCordova[18030:70b] Finished load of: http://livestream-api.herokuapp.com/directors
2014-06-23 01:08:21.764 HelloCordova[18377:70b] Multi-tasking -> Device: YES, App: YES
2014-06-23 01:08:21.820 HelloCordova[18377:70b] Unlimited access to network resources
2014-06-23 01:08:22.004 HelloCordova[18377:70b] [CDVTimer][keyboard] 0.135005ms
2014-06-23 01:08:22.005 HelloCordova[18377:70b] CDVPlugin class CDVStatusBar (pluginName: statusbar) does not exist.
2014-06-23 01:08:22.005 HelloCordova[18377:70b] [CDVTimer][statusbar] 0.526011ms
2014-06-23 01:08:22.006 HelloCordova[18377:70b] [CDVTimer][TotalPluginStartup] 1.722991ms
2014-06-23 01:08:22.492 HelloCordova[18377:70b] Resetting plugins due to page load.
2014-06-23 01:08:22.779 HelloCordova[18377:70b] Finished load of: file:///Users/Abe/Library/Application%20Support/iPhone%20Simulator/7.1/Applications/14A272E5-36E6-4C2F-B268-F85638801406/HelloCordova.app/www/index.html#/tab/dash
2014-06-23 01:08:45.481 HelloCordova[18377:70b] [{"livestream_id":11,"full_name":"Charles-Eric Dessart","dob":"1986-06-24T00:00:00.000Z","favorite_camera":"","favorite_movies":"","id":2},{"livestream_id":6488818,"full_name":"Martin Scorsese","dob":"1942-11-17T00:00:00.000Z","favorite_camera":"","favorite_movies":"","id":3}]
2014-06-23 01:09:20.078 HelloCordova[18377:70b] [{"livestream_id":11,"full_name":"Charles-Eric Dessart","dob":"1986-06-24T00:00:00.000Z","favorite_camera":"","favorite_movies":"","id":2,"$$hashKey":"00X"},{"livestream_id":6488818,"full_name":"Martin Scorsese","dob":"1942-11-17T00:00:00.000Z","favorite_camera":"","favorite_movies":"","id":3,"$$hashKey":"00Y"}]
2014-06-23 01:09:21.887 HelloCordova[18377:70b] [{"livestream_id":11,"full_name":"Charles-Eric Dessart","dob":"1986-06-24T00:00:00.000Z","favorite_camera":"","favorite_movies":"","id":2,"$$hashKey":"00X"},{"livestream_id":6488818,"full_name":"Martin Scorsese","dob":"1942-11-17T00:00:00.000Z","favorite_camera":"","favorite_movies":"","id":3,"$$hashKey":"00Y"}]
2014-06-23 01:09:39.253 HelloCordova[18550:70b] Multi-tasking -> Device: YES, App: YES
2014-06-23 01:09:39.261 HelloCordova[18550:70b] Unlimited access to network resources
2014-06-23 01:09:39.284 HelloCordova[18550:70b] [CDVTimer][keyboard] 0.079036ms
2014-06-23 01:09:39.284 HelloCordova[18550:70b] CDVPlugin class CDVStatusBar (pluginName: statusbar) does not exist.
2014-06-23 01:09:39.284 HelloCordova[18550:70b] [CDVTimer][statusbar] 0.459969ms
2014-06-23 01:09:39.285 HelloCordova[18550:70b] [CDVTimer][TotalPluginStartup] 1.291990ms
2014-06-23 01:09:39.533 HelloCordova[18550:70b] Resetting plugins due to page load.
2014-06-23 01:09:39.732 HelloCordova[18550:70b] Finished load of: file:///Users/Abe/Library/Application%20Support/iPhone%20Simulator/7.1/Applications/14A272E5-36E6-4C2F-B268-F85638801406/HelloCordova.app/www/index.html#/tab/dash
2014-06-23 01:09:43.571 HelloCordova[18550:70b] [{"livestream_id":11,"full_name":"Charles-Eric Dessart","dob":"1986-06-24T00:00:00.000Z","favorite_camera":"","favorite_movies":"","id":2},{"livestream_id":6488818,"full_name":"Martin Scorsese","dob":"1942-11-17T00:00:00.000Z","favorite_camera":"","favorite_movies":"","id":3},{"livestream_id":6488824,"full_name":"James Cameron","dob":"1954-08-16T00:00:00.000Z","favorite_camera":"","favorite_movies":"","id":4}]
2014-06-23 01:12:48.702 HelloCordova[18742:70b] Multi-tasking -> Device: YES, App: YES
2014-06-23 01:12:48.716 HelloCordova[18742:70b] Unlimited access to network resources
2014-06-23 01:12:48.748 HelloCordova[18742:70b] [CDVTimer][keyboard] 0.124991ms
2014-06-23 01:12:48.748 HelloCordova[18742:70b] CDVPlugin class CDVStatusBar (pluginName: statusbar) does not exist.
2014-06-23 01:12:48.749 HelloCordova[18742:70b] [CDVTimer][statusbar] 0.514030ms
2014-06-23 01:12:48.749 HelloCordova[18742:70b] [CDVTimer][TotalPluginStartup] 1.682997ms
2014-06-23 01:12:49.056 HelloCordova[18742:70b] Resetting plugins due to page load.
2014-06-23 01:12:49.322 HelloCordova[18742:70b] Finished load of: file:///Users/Abe/Library/Application%20Support/iPhone%20Simulator/7.1/Applications/14A272E5-36E6-4C2F-B268-F85638801406/HelloCordova.app/www/index.html#/tab/dash
2014-06-23 01:13:22.221 HelloCordova[18742:70b] {}
2014-06-23 01:13:24.655 HelloCordova[18742:70b] {}
2014-06-23 01:13:27.236 HelloCordova[18742:70b] {}
2014-06-23 01:13:44.637 HelloCordova[18742:70b] 2 
2014-06-23 01:13:44.638 HelloCordova[18742:70b] 3 
2014-06-23 01:13:44.638 HelloCordova[18742:70b] 4 
2014-06-23 01:13:47.341 HelloCordova[18742:70b] {}
2014-06-23 01:13:48.445 HelloCordova[18742:70b] 2 
2014-06-23 01:13:48.445 HelloCordova[18742:70b] 3 
2014-06-23 01:13:48.446 HelloCordova[18742:70b] 4 
2014-06-23 01:13:49.632 HelloCordova[18742:70b] {}
2014-06-23 01:14:41.152 HelloCordova[18742:70b] {}
2014-06-23 01:14:42.430 HelloCordova[18742:70b] {}
2014-06-23 01:14:43.613 HelloCordova[18742:70b] {}
2014-06-23 01:14:45.240 HelloCordova[18742:70b] 2 
2014-06-23 01:14:45.240 HelloCordova[18742:70b] 3 
2014-06-23 01:14:45.241 HelloCordova[18742:70b] 4 
2014-06-23 01:14:46.599 HelloCordova[18742:70b] {}
2014-06-23 01:20:19.021 HelloCordova[19031:70b] Multi-tasking -> Device: YES, App: YES
2014-06-23 01:20:19.032 HelloCordova[19031:70b] Unlimited access to network resources
2014-06-23 01:20:19.062 HelloCordova[19031:70b] [CDVTimer][keyboard] 0.129998ms
2014-06-23 01:20:19.063 HelloCordova[19031:70b] CDVPlugin class CDVStatusBar (pluginName: statusbar) does not exist.
2014-06-23 01:20:19.063 HelloCordova[19031:70b] [CDVTimer][statusbar] 0.505030ms
2014-06-23 01:20:19.063 HelloCordova[19031:70b] [CDVTimer][TotalPluginStartup] 1.622975ms
2014-06-23 01:20:19.400 HelloCordova[19031:70b] Resetting plugins due to page load.
2014-06-23 01:20:19.633 HelloCordova[19031:70b] Finished load of: file:///Users/Abe/Library/Application%20Support/iPhone%20Simulator/7.1/Applications/14A272E5-36E6-4C2F-B268-F85638801406/HelloCordova.app/www/index.html#/tab/dash
2014-06-23 01:20:27.569 HelloCordova[19031:70b] [{"livestream_id":11,"full_name":"Charles-Eric Dessart","dob":"1986-06-24T00:00:00.000Z","favorite_camera":"","favorite_movies":"","id":2},{"livestream_id":6488818,"full_name":"Martin Scorsese","dob":"1942-11-17T00:00:00.000Z","favorite_camera":"","favorite_movies":"","id":3},{"livestream_id":6488824,"full_name":"James Cameron","dob":"1954-08-16T00:00:00.000Z","favorite_camera":"","favorite_movies":"","id":4}]
2014-06-23 01:20:30.646 HelloCordova[19031:70b] 2 4
2014-06-23 01:20:30.647 HelloCordova[19031:70b] 3 4
2014-06-23 01:20:30.647 HelloCordova[19031:70b] 4 4
2014-06-23 01:20:30.647 HelloCordova[19031:70b] {"livestream_id":6488824,"full_name":"James Cameron","dob":"1954-08-16T00:00:00.000Z","favorite_camera":"","favorite_movies":"","id":4,"$$hashKey":"00Z"}
2014-06-23 01:20:32.128 HelloCordova[19031:70b] [{"livestream_id":11,"full_name":"Charles-Eric Dessart","dob":"1986-06-24T00:00:00.000Z","favorite_camera":"","favorite_movies":"","id":2,"$$hashKey":"00X"},{"livestream_id":6488818,"full_name":"Martin Scorsese","dob":"1942-11-17T00:00:00.000Z","favorite_camera":"","favorite_movies":"","id":3,"$$hashKey":"00Y"},{"livestream_id":6488824,"full_name":"James Cameron","dob":"1954-08-16T00:00:00.000Z","favorite_camera":"","favorite_movies":"","id":4,"$$hashKey":"00Z"}]
2014-06-23 01:20:49.619 HelloCordova[19031:70b] [{"livestream_id":11,"full_name":"Charles-Eric Dessart","dob":"1986-06-24T00:00:00.000Z","favorite_camera":"","favorite_movies":"","id":2},{"livestream_id":6488818,"full_name":"Martin Scorsese","dob":"1942-11-17T00:00:00.000Z","favorite_camera":"","favorite_movies":"","id":3},{"livestream_id":6488824,"full_name":"James Cameron","dob":"1954-08-16T00:00:00.000Z","favorite_camera":"","favorite_movies":"","id":4},{"livestream_id":6488823,"full_name":"Terri Flynnstress","dob":"1978-04-25T00:00:00.000Z","favorite_camera":"","favorite_movies":"","id":5}]
2014-06-23 01:20:51.595 HelloCordova[19031:70b] [{"livestream_id":11,"full_name":"Charles-Eric Dessart","dob":"1986-06-24T00:00:00.000Z","favorite_camera":"","favorite_movies":"","id":2,"$$hashKey":"01S"},{"livestream_id":6488818,"full_name":"Martin Scorsese","dob":"1942-11-17T00:00:00.000Z","favorite_camera":"","favorite_movies":"","id":3,"$$hashKey":"01T"},{"livestream_id":6488824,"full_name":"James Cameron","dob":"1954-08-16T00:00:00.000Z","favorite_camera":"","favorite_movies":"","id":4,"$$hashKey":"01U"},{"livestream_id":6488823,"full_name":"Terri Flynnstress","dob":"1978-04-25T00:00:00.000Z","favorite_camera":"","favorite_movies":"","id":5,"$$hashKey":"01V"}]
2014-06-23 01:21:39.316 HelloCordova[19031:70b] [{"livestream_id":11,"full_name":"Charles-Eric Dessart","dob":"1986-06-24T00:00:00.000Z","favorite_camera":"","favorite_movies":"","id":2,"$$hashKey":"01S"},{"livestream_id":6488818,"full_name":"Martin Scorsese","dob":"1942-11-17T00:00:00.000Z","favorite_camera":"","favorite_movies":"","id":3,"$$hashKey":"01T"},{"livestream_id":6488824,"full_name":"James Cameron","dob":"1954-08-16T00:00:00.000Z","favorite_camera":"","favorite_movies":"","id":4,"$$hashKey":"01U"},{"livestream_id":6488823,"full_name":"Terri Flynnstress","dob":"1978-04-25T00:00:00.000Z","favorite_camera":"","favorite_movies":"","id":5,"$$hashKey":"01V"}]
2014-06-23 01:21:56.942 HelloCordova[19208:70b] Multi-tasking -> Device: YES, App: YES
2014-06-23 01:21:56.951 HelloCordova[19208:70b] Unlimited access to network resources
2014-06-23 01:21:56.975 HelloCordova[19208:70b] [CDVTimer][keyboard] 0.082970ms
2014-06-23 01:21:56.975 HelloCordova[19208:70b] CDVPlugin class CDVStatusBar (pluginName: statusbar) does not exist.
2014-06-23 01:21:56.975 HelloCordova[19208:70b] [CDVTimer][statusbar] 0.392020ms
2014-06-23 01:21:56.976 HelloCordova[19208:70b] [CDVTimer][TotalPluginStartup] 1.269996ms
2014-06-23 01:21:57.186 HelloCordova[19208:70b] Resetting plugins due to page load.
2014-06-23 01:21:57.383 HelloCordova[19208:70b] Finished load of: file:///Users/Abe/Library/Application%20Support/iPhone%20Simulator/7.1/Applications/14A272E5-36E6-4C2F-B268-F85638801406/HelloCordova.app/www/index.html#/tab/dash
2014-06-23 01:22:00.420 HelloCordova[19208:70b] [{"livestream_id":11,"full_name":"Charles-Eric Dessart","dob":"1986-06-24T00:00:00.000Z","favorite_camera":"","favorite_movies":"","id":2},{"livestream_id":6488818,"full_name":"Martin Scorsese","dob":"1942-11-17T00:00:00.000Z","favorite_camera":"","favorite_movies":"","id":3},{"livestream_id":6488824,"full_name":"James Cameron","dob":"1954-08-16T00:00:00.000Z","favorite_camera":"","favorite_movies":"","id":4},{"livestream_id":6488823,"full_name":"Terri Flynnstress","dob":"1978-04-25T00:00:00.000Z","favorite_camera":"","favorite_movies":"","id":5}]
2014-06-23 01:22:05.103 HelloCordova[19208:70b] [{"livestream_id":11,"full_name":"Charles-Eric Dessart","dob":"1986-06-24T00:00:00.000Z","favorite_camera":"","favorite_movies":"","id":2,"$$hashKey":"00X"},{"livestream_id":6488818,"full_name":"Martin Scorsese","dob":"1942-11-17T00:00:00.000Z","favorite_camera":"","favorite_movies":"","id":3,"$$hashKey":"00Y"},{"livestream_id":6488824,"full_name":"James Cameron","dob":"1954-08-16T00:00:00.000Z","favorite_camera":"","favorite_movies":"","id":4,"$$hashKey":"00Z"},{"livestream_id":6488823,"full_name":"Terri Flynnstress","dob":"1978-04-25T00:00:00.000Z","favorite_camera":"","favorite_movies":"","id":5,"$$hashKey":"010"}]
2014-06-23 01:40:30.923 HelloCordova[19208:70b] [{"livestream_id":11,"full_name":"Charles-Eric Dessart","dob":"1986-06-24T00:00:00.000Z","favorite_camera":"","favorite_movies":"","id":2,"$$hashKey":"00X"},{"livestream_id":6488818,"full_name":"Martin Scorsese","dob":"1942-11-17T00:00:00.000Z","favorite_camera":"","favorite_movies":"","id":3,"$$hashKey":"00Y"},{"livestream_id":6488824,"full_name":"James Cameron","dob":"1954-08-16T00:00:00.000Z","favorite_camera":"","favorite_movies":"","id":4,"$$hashKey":"00Z"},{"livestream_id":6488823,"full_name":"Terri Flynnstress","dob":"1978-04-25T00:00:00.000Z","favorite_camera":"","favorite_movies":"","id":5,"$$hashKey":"010"}]
2014-06-23 01:42:04.249 HelloCordova[19473:70b] Multi-tasking -> Device: YES, App: YES
2014-06-23 01:42:04.301 HelloCordova[19473:70b] Unlimited access to network resources
2014-06-23 01:42:04.419 HelloCordova[19473:70b] [CDVTimer][keyboard] 0.147998ms
2014-06-23 01:42:04.420 HelloCordova[19473:70b] CDVPlugin class CDVStatusBar (pluginName: statusbar) does not exist.
2014-06-23 01:42:04.420 HelloCordova[19473:70b] [CDVTimer][statusbar] 0.440001ms
2014-06-23 01:42:04.421 HelloCordova[19473:70b] [CDVTimer][TotalPluginStartup] 1.411974ms
2014-06-23 01:42:04.851 HelloCordova[19473:70b] Resetting plugins due to page load.
2014-06-23 01:42:05.172 HelloCordova[19473:70b] Finished load of: file:///Users/Abe/Library/Application%20Support/iPhone%20Simulator/7.1/Applications/14A272E5-36E6-4C2F-B268-F85638801406/HelloCordova.app/www/index.html#/tab/dash
2014-06-23 01:42:07.376 HelloCordova[19473:70b] [{"livestream_id":11,"full_name":"Charles-Eric Dessart","dob":"1986-06-24T00:00:00.000Z","favorite_camera":"","favorite_movies":"","id":2},{"livestream_id":6488818,"full_name":"Martin Scorsese","dob":"1942-11-17T00:00:00.000Z","favorite_camera":"","favorite_movies":"","id":3},{"livestream_id":6488824,"full_name":"James Cameron","dob":"1954-08-16T00:00:00.000Z","favorite_camera":"","favorite_movies":"","id":4},{"livestream_id":6488823,"full_name":"Terri Flynnstress","dob":"1978-04-25T00:00:00.000Z","favorite_camera":"","favorite_movies":"","id":5}]
2014-06-23 01:42:11.161 HelloCordova[19473:70b] [{"livestream_id":11,"full_name":"Charles-Eric Dessart","dob":"1986-06-24T00:00:00.000Z","favorite_camera":"","favorite_movies":"","id":2,"$$hashKey":"00N"},{"livestream_id":6488818,"full_name":"Martin Scorsese","dob":"1942-11-17T00:00:00.000Z","favorite_camera":"","favorite_movies":"","id":3,"$$hashKey":"00O"},{"livestream_id":6488824,"full_name":"James Cameron","dob":"1954-08-16T00:00:00.000Z","favorite_camera":"","favorite_movies":"","id":4,"$$hashKey":"00P"},{"livestream_id":6488823,"full_name":"Terri Flynnstress","dob":"1978-04-25T00:00:00.000Z","favorite_camera":"","favorite_movies":"","id":5,"$$hashKey":"00Q"}]
2014-06-23 01:42:14.650 HelloCordova[19473:70b] [{"livestream_id":11,"full_name":"Charles-Eric Dessart","dob":"1986-06-24T00:00:00.000Z","favorite_camera":"","favorite_movies":"","id":2},{"livestream_id":6488818,"full_name":"Martin Scorsese","dob":"1942-11-17T00:00:00.000Z","favorite_camera":"","favorite_movies":"","id":3},{"livestream_id":6488824,"full_name":"James Cameron","dob":"1954-08-16T00:00:00.000Z","favorite_camera":"","favorite_movies":"","id":4},{"livestream_id":6488823,"full_name":"Terri Flynnstress","dob":"1978-04-25T00:00:00.000Z","favorite_camera":"","favorite_movies":"","id":5}]
2014-06-23 01:42:16.986 HelloCordova[19473:70b] [{"livestream_id":11,"full_name":"Charles-Eric Dessart","dob":"1986-06-24T00:00:00.000Z","favorite_camera":"","favorite_movies":"","id":2,"$$hashKey":"01S"},{"livestream_id":6488818,"full_name":"Martin Scorsese","dob":"1942-11-17T00:00:00.000Z","favorite_camera":"","favorite_movies":"","id":3,"$$hashKey":"01T"},{"livestream_id":6488824,"full_name":"James Cameron","dob":"1954-08-16T00:00:00.000Z","favorite_camera":"","favorite_movies":"","id":4,"$$hashKey":"01U"},{"livestream_id":6488823,"full_name":"Terri Flynnstress","dob":"1978-04-25T00:00:00.000Z","favorite_camera":"","favorite_movies":"","id":5,"$$hashKey":"01V"}]
2014-06-23 01:43:51.064 HelloCordova[19473:70b] [{"livestream_id":11,"full_name":"Charles-Eric Dessart","dob":"1986-06-24T00:00:00.000Z","favorite_camera":"","favorite_movies":"","id":2},{"livestream_id":6488818,"full_name":"Martin Scorsese","dob":"1942-11-17T00:00:00.000Z","favorite_camera":"","favorite_movies":"","id":3},{"livestream_id":6488824,"full_name":"James Cameron","dob":"1954-08-16T00:00:00.000Z","favorite_camera":"","favorite_movies":"","id":4},{"livestream_id":6488823,"full_name":"Terri Flynnstress","dob":"1978-04-25T00:00:00.000Z","favorite_camera":"","favorite_movies":"","id":5}]
2014-06-23 01:43:57.372 HelloCordova[19473:70b] [{"livestream_id":11,"full_name":"Charles-Eric Dessart","dob":"1986-06-24T00:00:00.000Z","favorite_camera":"","favorite_movies":"","id":2,"$$hashKey":"02X"},{"livestream_id":6488818,"full_name":"Martin Scorsese","dob":"1942-11-17T00:00:00.000Z","favorite_camera":"","favorite_movies":"","id":3,"$$hashKey":"02Y"},{"livestream_id":6488824,"full_name":"James Cameron","dob":"1954-08-16T00:00:00.000Z","favorite_camera":"","favorite_movies":"","id":4,"$$hashKey":"02Z"},{"livestream_id":6488823,"full_name":"Terri Flynnstress","dob":"1978-04-25T00:00:00.000Z","favorite_camera":"","favorite_movies":"","id":5,"$$hashKey":"030"}]
2014-06-23 01:44:32.494 HelloCordova[19473:70b] [{"livestream_id":11,"full_name":"Charles-Eric Dessart","dob":"1986-06-24T00:00:00.000Z","favorite_camera":"","favorite_movies":"","id":2},{"livestream_id":6488818,"full_name":"Martin Scorsese","dob":"1942-11-17T00:00:00.000Z","favorite_camera":"","favorite_movies":"","id":3},{"livestream_id":6488824,"full_name":"James Cameron","dob":"1954-08-16T00:00:00.000Z","favorite_camera":"","favorite_movies":"","id":4},{"livestream_id":6488823,"full_name":"Terri Flynnstress","dob":"1978-04-25T00:00:00.000Z","favorite_camera":"","favorite_movies":"","id":5}]
2014-06-23 01:47:14.700 HelloCordova[19473:70b] 2 4
2014-06-23 01:47:14.701 HelloCordova[19473:70b] 3 4
2014-06-23 01:47:14.701 HelloCordova[19473:70b] 4 4
2014-06-23 01:47:14.702 HelloCordova[19473:70b] {"livestream_id":6488824,"full_name":"James Cameron","dob":"1954-08-16T00:00:00.000Z","favorite_camera":"","favorite_movies":"","id":4,"$$hashKey":"044"}
2014-06-23 01:47:16.009 HelloCordova[19473:70b] [{"livestream_id":11,"full_name":"Charles-Eric Dessart","dob":"1986-06-24T00:00:00.000Z","favorite_camera":"","favorite_movies":"","id":2,"$$hashKey":"042"},{"livestream_id":6488818,"full_name":"Martin Scorsese","dob":"1942-11-17T00:00:00.000Z","favorite_camera":"","favorite_movies":"","id":3,"$$hashKey":"043"},{"livestream_id":6488824,"full_name":"James Cameron","dob":"1954-08-16T00:00:00.000Z","favorite_camera":"","favorite_movies":"","id":4,"$$hashKey":"044"},{"livestream_id":6488823,"full_name":"Terri Flynnstress","dob":"1978-04-25T00:00:00.000Z","favorite_camera":"","favorite_movies":"","id":5,"$$hashKey":"045"}]
2014-06-23 01:47:16.917 HelloCordova[19473:70b] 2 5
2014-06-23 01:47:16.918 HelloCordova[19473:70b] 3 5
2014-06-23 01:47:16.918 HelloCordova[19473:70b] 4 5
2014-06-23 01:47:16.919 HelloCordova[19473:70b] 5 5
2014-06-23 01:47:16.919 HelloCordova[19473:70b] {"livestream_id":6488823,"full_name":"Terri Flynnstress","dob":"1978-04-25T00:00:00.000Z","favorite_camera":"","favorite_movies":"","id":5,"$$hashKey":"045"}
2014-06-23 01:47:18.609 HelloCordova[19473:70b] [{"livestream_id":11,"full_name":"Charles-Eric Dessart","dob":"1986-06-24T00:00:00.000Z","favorite_camera":"","favorite_movies":"","id":2,"$$hashKey":"042"},{"livestream_id":6488818,"full_name":"Martin Scorsese","dob":"1942-11-17T00:00:00.000Z","favorite_camera":"","favorite_movies":"","id":3,"$$hashKey":"043"},{"livestream_id":6488824,"full_name":"James Cameron","dob":"1954-08-16T00:00:00.000Z","favorite_camera":"","favorite_movies":"","id":4,"$$hashKey":"044"},{"livestream_id":6488823,"full_name":"Terri Flynnstress","dob":"1978-04-25T00:00:00.000Z","favorite_camera":"","favorite_movies":"","id":5,"$$hashKey":"045"}]
2014-06-23 01:47:19.520 HelloCordova[19473:70b] 2 3
2014-06-23 01:47:19.521 HelloCordova[19473:70b] 3 3
2014-06-23 01:47:19.522 HelloCordova[19473:70b] {"livestream_id":6488818,"full_name":"Martin Scorsese","dob":"1942-11-17T00:00:00.000Z","favorite_camera":"","favorite_movies":"","id":3,"$$hashKey":"043"}
2014-06-23 01:47:20.993 HelloCordova[19473:70b] [{"livestream_id":11,"full_name":"Charles-Eric Dessart","dob":"1986-06-24T00:00:00.000Z","favorite_camera":"","favorite_movies":"","id":2,"$$hashKey":"042"},{"livestream_id":6488818,"full_name":"Martin Scorsese","dob":"1942-11-17T00:00:00.000Z","favorite_camera":"","favorite_movies":"","id":3,"$$hashKey":"043"},{"livestream_id":6488824,"full_name":"James Cameron","dob":"1954-08-16T00:00:00.000Z","favorite_camera":"","favorite_movies":"","id":4,"$$hashKey":"044"},{"livestream_id":6488823,"full_name":"Terri Flynnstress","dob":"1978-04-25T00:00:00.000Z","favorite_camera":"","favorite_movies":"","id":5,"$$hashKey":"045"}]
2014-06-23 01:48:10.997 HelloCordova[19473:70b] 2 4
2014-06-23 01:48:10.998 HelloCordova[19473:70b] 3 4
2014-06-23 01:48:10.999 HelloCordova[19473:70b] 4 4
2014-06-23 01:48:10.999 HelloCordova[19473:70b] {"livestream_id":6488824,"full_name":"James Cameron","dob":"1954-08-16T00:00:00.000Z","favorite_camera":"","favorite_movies":"","id":4,"$$hashKey":"044"}
2014-06-23 01:49:27.187 HelloCordova[19473:70b] [{"livestream_id":11,"full_name":"Charles-Eric Dessart","dob":"1986-06-24T00:00:00.000Z","favorite_camera":"","favorite_movies":"","id":2,"$$hashKey":"042"},{"livestream_id":6488818,"full_name":"Martin Scorsese","dob":"1942-11-17T00:00:00.000Z","favorite_camera":"","favorite_movies":"","id":3,"$$hashKey":"043"},{"livestream_id":6488824,"full_name":"James Cameron","dob":"1954-08-16T00:00:00.000Z","favorite_camera":"","favorite_movies":"","id":4,"$$hashKey":"044"},{"livestream_id":6488823,"full_name":"Terri Flynnstress","dob":"1978-04-25T00:00:00.000Z","favorite_camera":"","favorite_movies":"","id":5,"$$hashKey":"045"}]
2014-06-23 01:56:13.586 HelloCordova[19732:70b] Multi-tasking -> Device: YES, App: YES
2014-06-23 01:56:13.650 HelloCordova[19732:70b] Unlimited access to network resources
2014-06-23 01:56:13.765 HelloCordova[19732:70b] [CDVTimer][keyboard] 0.137985ms
2014-06-23 01:56:13.765 HelloCordova[19732:70b] CDVPlugin class CDVStatusBar (pluginName: statusbar) does not exist.
2014-06-23 01:56:13.766 HelloCordova[19732:70b] [CDVTimer][statusbar] 0.496984ms
2014-06-23 01:56:13.766 HelloCordova[19732:70b] [CDVTimer][TotalPluginStartup] 1.607955ms
2014-06-23 01:56:14.268 HelloCordova[19732:70b] Resetting plugins due to page load.
2014-06-23 01:56:14.611 HelloCordova[19732:70b] Finished load of: file:///Users/Abe/Library/Application%20Support/iPhone%20Simulator/7.1/Applications/14A272E5-36E6-4C2F-B268-F85638801406/HelloCordova.app/www/index.html#/tab/dash
2014-06-23 01:56:16.313 HelloCordova[19732:70b] [{"livestream_id":11,"full_name":"Charles-Eric Dessart","dob":"1986-06-24T00:00:00.000Z","favorite_camera":"","favorite_movies":"","id":2},{"livestream_id":6488818,"full_name":"Martin Scorsese","dob":"1942-11-17T00:00:00.000Z","favorite_camera":"","favorite_movies":"","id":3},{"livestream_id":6488824,"full_name":"James Cameron","dob":"1954-08-16T00:00:00.000Z","favorite_camera":"","favorite_movies":"","id":4},{"livestream_id":6488823,"full_name":"Terri Flynnstress","dob":"1978-04-25T00:00:00.000Z","favorite_camera":"","favorite_movies":"","id":5}]
2014-06-23 01:56:18.775 HelloCordova[19732:70b] [{"livestream_id":11,"full_name":"Charles-Eric Dessart","dob":"1986-06-24T00:00:00.000Z","favorite_camera":"","favorite_movies":"","id":2},{"livestream_id":6488818,"full_name":"Martin Scorsese","dob":"1942-11-17T00:00:00.000Z","favorite_camera":"","favorite_movies":"","id":3},{"livestream_id":6488824,"full_name":"James Cameron","dob":"1954-08-16T00:00:00.000Z","favorite_camera":"","favorite_movies":"","id":4},{"livestream_id":6488823,"full_name":"Terri Flynnstress","dob":"1978-04-25T00:00:00.000Z","favorite_camera":"","favorite_movies":"","id":5}]
2014-06-23 01:56:20.543 HelloCordova[19732:70b] [{"livestream_id":11,"full_name":"Charles-Eric Dessart","dob":"1986-06-24T00:00:00.000Z","favorite_camera":"","favorite_movies":"","id":2},{"livestream_id":6488818,"full_name":"Martin Scorsese","dob":"1942-11-17T00:00:00.000Z","favorite_camera":"","favorite_movies":"","id":3},{"livestream_id":6488824,"full_name":"James Cameron","dob":"1954-08-16T00:00:00.000Z","favorite_camera":"","favorite_movies":"","id":4},{"livestream_id":6488823,"full_name":"Terri Flynnstress","dob":"1978-04-25T00:00:00.000Z","favorite_camera":"","favorite_movies":"","id":5}]
2014-06-23 01:56:20.555 HelloCordova[19732:70b] THREAD WARNING: ['Console'] took '11.924072' ms. Plugin should use a background thread.
2014-06-23 01:56:22.469 HelloCordova[19732:70b] [{"livestream_id":11,"full_name":"Charles-Eric Dessart","dob":"1986-06-24T00:00:00.000Z","favorite_camera":"","favorite_movies":"","id":2,"$$hashKey":"01V"},{"livestream_id":6488818,"full_name":"Martin Scorsese","dob":"1942-11-17T00:00:00.000Z","favorite_camera":"","favorite_movies":"","id":3,"$$hashKey":"01W"},{"livestream_id":6488824,"full_name":"James Cameron","dob":"1954-08-16T00:00:00.000Z","favorite_camera":"","favorite_movies":"","id":4,"$$hashKey":"01X"},{"livestream_id":6488823,"full_name":"Terri Flynnstress","dob":"1978-04-25T00:00:00.000Z","favorite_camera":"","favorite_movies":"","id":5,"$$hashKey":"01Y"}]
2014-06-23 01:56:41.087 HelloCordova[19732:70b] [{"livestream_id":11,"full_name":"Charles-Eric Dessart","dob":"1986-06-24T00:00:00.000Z","favorite_camera":"","favorite_movies":"","id":2},{"livestream_id":6488818,"full_name":"Martin Scorsese","dob":"1942-11-17T00:00:00.000Z","favorite_camera":"","favorite_movies":"","id":3},{"livestream_id":6488824,"full_name":"James Cameron","dob":"1954-08-16T00:00:00.000Z","favorite_camera":"","favorite_movies":"","id":4},{"livestream_id":6488823,"full_name":"Terri Flynnstress","dob":"1978-04-25T00:00:00.000Z","favorite_camera":"","favorite_movies":"","id":5}]
2014-06-23 01:56:44.645 HelloCordova[19732:70b] [{"livestream_id":11,"full_name":"Charles-Eric Dessart","dob":"1986-06-24T00:00:00.000Z","favorite_camera":"","favorite_movies":"","id":2,"$$hashKey":"030"},{"livestream_id":6488818,"full_name":"Martin Scorsese","dob":"1942-11-17T00:00:00.000Z","favorite_camera":"","favorite_movies":"","id":3,"$$hashKey":"031"},{"livestream_id":6488824,"full_name":"James Cameron","dob":"1954-08-16T00:00:00.000Z","favorite_camera":"","favorite_movies":"","id":4,"$$hashKey":"032"},{"livestream_id":6488823,"full_name":"Terri Flynnstress","dob":"1978-04-25T00:00:00.000Z","favorite_camera":"","favorite_movies":"","id":5,"$$hashKey":"033"}]
2014-06-23 01:56:59.058 HelloCordova[19732:70b] 2 2
2014-06-23 01:56:59.058 HelloCordova[19732:70b] {"livestream_id":11,"full_name":"Charles-Eric Dessart","dob":"1986-06-24T00:00:00.000Z","favorite_camera":"","favorite_movies":"","id":2,"$$hashKey":"030"}
2014-06-23 01:57:01.469 HelloCordova[19732:70b] [{"livestream_id":11,"full_name":"Charles-Eric Dessart","dob":"1986-06-24T00:00:00.000Z","favorite_camera":"","favorite_movies":"","id":2,"$$hashKey":"030"},{"livestream_id":6488818,"full_name":"Martin Scorsese","dob":"1942-11-17T00:00:00.000Z","favorite_camera":"","favorite_movies":"","id":3,"$$hashKey":"031"},{"livestream_id":6488824,"full_name":"James Cameron","dob":"1954-08-16T00:00:00.000Z","favorite_camera":"","favorite_movies":"","id":4,"$$hashKey":"032"},{"livestream_id":6488823,"full_name":"Terri Flynnstress","dob":"1978-04-25T00:00:00.000Z","favorite_camera":"","favorite_movies":"","id":5,"$$hashKey":"033"}]
2014-06-23 01:57:14.353 HelloCordova[19732:70b] 2 3
2014-06-23 01:57:14.353 HelloCordova[19732:70b] 3 3
2014-06-23 01:57:14.354 HelloCordova[19732:70b] {"livestream_id":6488818,"full_name":"Martin Scorsese","dob":"1942-11-17T00:00:00.000Z","favorite_camera":"","favorite_movies":"","id":3,"$$hashKey":"031"}
2014-06-23 01:57:24.746 HelloCordova[19732:70b] [{"livestream_id":11,"full_name":"Charles-Eric Dessart","dob":"1986-06-24T00:00:00.000Z","favorite_camera":"","favorite_movies":"","id":2,"$$hashKey":"030"},{"livestream_id":6488818,"full_name":"Martin Scorsese","dob":"1942-11-17T00:00:00.000Z","favorite_camera":"","favorite_movies":"","id":3,"$$hashKey":"031"},{"livestream_id":6488824,"full_name":"James Cameron","dob":"1954-08-16T00:00:00.000Z","favorite_camera":"","favorite_movies":"","id":4,"$$hashKey":"032"},{"livestream_id":6488823,"full_name":"Terri Flynnstress","dob":"1978-04-25T00:00:00.000Z","favorite_camera":"","favorite_movies":"","id":5,"$$hashKey":"033"}]
2014-06-23 01:57:39.957 HelloCordova[19732:70b] [{"livestream_id":11,"full_name":"Charles-Eric Dessart","dob":"1986-06-24T00:00:00.000Z","favorite_camera":"","favorite_movies":"","id":2,"$$hashKey":"030"},{"livestream_id":6488818,"full_name":"Martin Scorsese","dob":"1942-11-17T00:00:00.000Z","favorite_camera":"","favorite_movies":"","id":3,"$$hashKey":"031"},{"livestream_id":6488824,"full_name":"James Cameron","dob":"1954-08-16T00:00:00.000Z","favorite_camera":"","favorite_movies":"","id":4,"$$hashKey":"032"},{"livestream_id":6488823,"full_name":"Terri Flynnstress","dob":"1978-04-25T00:00:00.000Z","favorite_camera":"","favorite_movies":"","id":5,"$$hashKey":"033"}]
2014-06-23 01:57:42.232 HelloCordova[19732:70b] [{"livestream_id":11,"full_name":"Charles-Eric Dessart","dob":"1986-06-24T00:00:00.000Z","favorite_camera":"","favorite_movies":"","id":2},{"livestream_id":6488818,"full_name":"Martin Scorsese","dob":"1942-11-17T00:00:00.000Z","favorite_camera":"","favorite_movies":"","id":3},{"livestream_id":6488824,"full_name":"James Cameron","dob":"1954-08-16T00:00:00.000Z","favorite_camera":"","favorite_movies":"","id":4},{"livestream_id":6488823,"full_name":"Terri Flynnstress","dob":"1978-04-25T00:00:00.000Z","favorite_camera":"","favorite_movies":"","id":5}]
2014-06-23 01:58:09.395 HelloCordova[19912:70b] Multi-tasking -> Device: YES, App: YES
2014-06-23 01:58:09.474 HelloCordova[19912:70b] Unlimited access to network resources
2014-06-23 01:58:09.593 HelloCordova[19912:70b] [CDVTimer][keyboard] 0.160992ms
2014-06-23 01:58:09.594 HelloCordova[19912:70b] CDVPlugin class CDVStatusBar (pluginName: statusbar) does not exist.
2014-06-23 01:58:09.594 HelloCordova[19912:70b] [CDVTimer][statusbar] 0.530005ms
2014-06-23 01:58:09.594 HelloCordova[19912:70b] [CDVTimer][TotalPluginStartup] 1.769006ms
2014-06-23 01:58:10.049 HelloCordova[19912:70b] Resetting plugins due to page load.
2014-06-23 01:58:10.372 HelloCordova[19912:70b] Finished load of: file:///Users/Abe/Library/Application%20Support/iPhone%20Simulator/7.1/Applications/14A272E5-36E6-4C2F-B268-F85638801406/HelloCordova.app/www/index.html#/tab/dash
2014-06-23 01:58:11.860 HelloCordova[19912:70b] [{"livestream_id":11,"full_name":"Charles-Eric Dessart","dob":"1986-06-24T00:00:00.000Z","favorite_camera":"","favorite_movies":"","id":2},{"livestream_id":6488818,"full_name":"Martin Scorsese","dob":"1942-11-17T00:00:00.000Z","favorite_camera":"","favorite_movies":"","id":3},{"livestream_id":6488824,"full_name":"James Cameron","dob":"1954-08-16T00:00:00.000Z","favorite_camera":"","favorite_movies":"","id":4},{"livestream_id":6488823,"full_name":"Terri Flynnstress","dob":"1978-04-25T00:00:00.000Z","favorite_camera":"","favorite_movies":"","id":5}]
2014-06-23 01:59:44.174 HelloCordova[19912:70b] [{"livestream_id":11,"full_name":"Charles-Eric Dessart","dob":"1986-06-24T00:00:00.000Z","favorite_camera":"","favorite_movies":"","id":2,"$$hashKey":"00N"},{"livestream_id":6488818,"full_name":"Martin Scorsese","dob":"1942-11-17T00:00:00.000Z","favorite_camera":"","favorite_movies":"","id":3,"$$hashKey":"00O"},{"livestream_id":6488824,"full_name":"James Cameron","dob":"1954-08-16T00:00:00.000Z","favorite_camera":"","favorite_movies":"","id":4,"$$hashKey":"00P"},{"livestream_id":6488823,"full_name":"Terri Flynnstress","dob":"1978-04-25T00:00:00.000Z","favorite_camera":"","favorite_movies":"","id":5,"$$hashKey":"00Q"}]
2014-06-23 02:07:33.251 HelloCordova[20177:70b] Multi-tasking -> Device: YES, App: YES
2014-06-23 02:07:33.367 HelloCordova[20177:70b] Unlimited access to network resources
2014-06-23 02:07:33.547 HelloCordova[20177:70b] [CDVTimer][keyboard] 0.129998ms
2014-06-23 02:07:33.548 HelloCordova[20177:70b] CDVPlugin class CDVStatusBar (pluginName: statusbar) does not exist.
2014-06-23 02:07:33.548 HelloCordova[20177:70b] [CDVTimer][statusbar] 0.513017ms
2014-06-23 02:07:33.549 HelloCordova[20177:70b] [CDVTimer][TotalPluginStartup] 1.619041ms
2014-06-23 02:07:34.148 HelloCordova[20177:70b] Resetting plugins due to page load.
2014-06-23 02:07:34.518 HelloCordova[20177:70b] Finished load of: file:///Users/Abe/Library/Application%20Support/iPhone%20Simulator/7.1/Applications/14A272E5-36E6-4C2F-B268-F85638801406/HelloCordova.app/www/index.html#/tab/dash
2014-06-23 02:07:36.198 HelloCordova[20177:70b] [{"livestream_id":11,"full_name":"Charles-Eric Dessart","dob":"1986-06-24T00:00:00.000Z","favorite_camera":"","favorite_movies":"","id":2},{"livestream_id":6488818,"full_name":"Martin Scorsese","dob":"1942-11-17T00:00:00.000Z","favorite_camera":"","favorite_movies":"","id":3},{"livestream_id":6488824,"full_name":"James Cameron","dob":"1954-08-16T00:00:00.000Z","favorite_camera":"","favorite_movies":"","id":4},{"livestream_id":6488823,"full_name":"Terri Flynnstress","dob":"1978-04-25T00:00:00.000Z","favorite_camera":"","favorite_movies":"","id":5}]
2014-06-23 02:07:36.199 HelloCordova[20177:70b] [{"livestream_id":11,"full_name":"Charles-Eric Dessart","dob":"1986-06-24T00:00:00.000Z","favorite_camera":"","favorite_movies":"","id":2},{"livestream_id":6488818,"full_name":"Martin Scorsese","dob":"1942-11-17T00:00:00.000Z","favorite_camera":"","favorite_movies":"","id":3},{"livestream_id":6488824,"full_name":"James Cameron","dob":"1954-08-16T00:00:00.000Z","favorite_camera":"","favorite_movies":"","id":4},{"livestream_id":6488823,"full_name":"Terri Flynnstress","dob":"1978-04-25T00:00:00.000Z","favorite_camera":"","favorite_movies":"","id":5}]
2014-06-23 02:07:46.574 HelloCordova[20177:70b] 2 4
2014-06-23 02:07:46.574 HelloCordova[20177:70b] 3 4
2014-06-23 02:07:46.575 HelloCordova[20177:70b] 4 4
2014-06-23 02:07:46.575 HelloCordova[20177:70b] {"livestream_id":6488824,"full_name":"James Cameron","dob":"1954-08-16T00:00:00.000Z","favorite_camera":"","favorite_movies":"","id":4,"$$hashKey":"00Q"}
2014-06-23 02:07:48.574 HelloCordova[20177:70b] [{"livestream_id":11,"full_name":"Charles-Eric Dessart","dob":"1986-06-24T00:00:00.000Z","favorite_camera":"","favorite_movies":"","id":2,"$$hashKey":"00O"},{"livestream_id":6488818,"full_name":"Martin Scorsese","dob":"1942-11-17T00:00:00.000Z","favorite_camera":"","favorite_movies":"","id":3,"$$hashKey":"00P"},{"livestream_id":6488824,"full_name":"James Cameron","dob":"1954-08-16T00:00:00.000Z","favorite_camera":"","favorite_movies":"","id":4,"$$hashKey":"00Q"},{"livestream_id":6488823,"full_name":"Terri Flynnstress","dob":"1978-04-25T00:00:00.000Z","favorite_camera":"","favorite_movies":"","id":5,"$$hashKey":"00R"}]
2014-06-23 02:07:48.575 HelloCordova[20177:70b] [{"livestream_id":11,"full_name":"Charles-Eric Dessart","dob":"1986-06-24T00:00:00.000Z","favorite_camera":"","favorite_movies":"","id":2,"$$hashKey":"00O"},{"livestream_id":6488818,"full_name":"Martin Scorsese","dob":"1942-11-17T00:00:00.000Z","favorite_camera":"","favorite_movies":"","id":3,"$$hashKey":"00P"},{"livestream_id":6488824,"full_name":"James Cameron","dob":"1954-08-16T00:00:00.000Z","favorite_camera":"","favorite_movies":"","id":4,"$$hashKey":"00Q"},{"livestream_id":6488823,"full_name":"Terri Flynnstress","dob":"1978-04-25T00:00:00.000Z","favorite_camera":"","favorite_movies":"","id":5,"$$hashKey":"00R"}]
2014-06-23 02:07:55.399 HelloCordova[20177:70b] [{"livestream_id":11,"full_name":"Charles-Eric Dessart","dob":"1986-06-24T00:00:00.000Z","favorite_camera":"","favorite_movies":"","id":2,"$$hashKey":"00O"},{"livestream_id":6488818,"full_name":"Martin Scorsese","dob":"1942-11-17T00:00:00.000Z","favorite_camera":"","favorite_movies":"","id":3,"$$hashKey":"00P"},{"livestream_id":6488824,"full_name":"James Cameron","dob":"1954-08-16T00:00:00.000Z","favorite_camera":"","favorite_movies":"","id":4,"$$hashKey":"00Q"},{"livestream_id":6488823,"full_name":"Terri Flynnstress","dob":"1978-04-25T00:00:00.000Z","favorite_camera":"","favorite_movies":"","id":5,"$$hashKey":"00R"}]
2014-06-23 02:07:55.400 HelloCordova[20177:70b] [{"livestream_id":11,"full_name":"Charles-Eric Dessart","dob":"1986-06-24T00:00:00.000Z","favorite_camera":"","favorite_movies":"","id":2,"$$hashKey":"00O"},{"livestream_id":6488818,"full_name":"Martin Scorsese","dob":"1942-11-17T00:00:00.000Z","favorite_camera":"","favorite_movies":"","id":3,"$$hashKey":"00P"},{"livestream_id":6488824,"full_name":"James Cameron","dob":"1954-08-16T00:00:00.000Z","favorite_camera":"","favorite_movies":"","id":4,"$$hashKey":"00Q"},{"livestream_id":6488823,"full_name":"Terri Flynnstress","dob":"1978-04-25T00:00:00.000Z","favorite_camera":"","favorite_movies":"","id":5,"$$hashKey":"00R"}]
2014-06-23 02:08:48.697 HelloCordova[20177:70b] 2 2
2014-06-23 02:08:48.704 HelloCordova[20177:70b] {"livestream_id":11,"full_name":"Charles-Eric Dessart","dob":"1986-06-24T00:00:00.000Z","favorite_camera":"","favorite_movies":"","id":2,"$$hashKey":"00O"}
2014-06-23 02:08:49.945 HelloCordova[20177:70b] [{"livestream_id":11,"full_name":"Charles-Eric Dessart","dob":"1986-06-24T00:00:00.000Z","favorite_camera":"","favorite_movies":"","id":2,"$$hashKey":"00O"},{"livestream_id":6488818,"full_name":"Martin Scorsese","dob":"1942-11-17T00:00:00.000Z","favorite_camera":"","favorite_movies":"","id":3,"$$hashKey":"00P"},{"livestream_id":6488824,"full_name":"James Cameron","dob":"1954-08-16T00:00:00.000Z","favorite_camera":"","favorite_movies":"","id":4,"$$hashKey":"00Q"},{"livestream_id":6488823,"full_name":"Terri Flynnstress","dob":"1978-04-25T00:00:00.000Z","favorite_camera":"","favorite_movies":"","id":5,"$$hashKey":"00R"}]
2014-06-23 02:08:49.946 HelloCordova[20177:70b] [{"livestream_id":11,"full_name":"Charles-Eric Dessart","dob":"1986-06-24T00:00:00.000Z","favorite_camera":"","favorite_movies":"","id":2,"$$hashKey":"00O"},{"livestream_id":6488818,"full_name":"Martin Scorsese","dob":"1942-11-17T00:00:00.000Z","favorite_camera":"","favorite_movies":"","id":3,"$$hashKey":"00P"},{"livestream_id":6488824,"full_name":"James Cameron","dob":"1954-08-16T00:00:00.000Z","favorite_camera":"","favorite_movies":"","id":4,"$$hashKey":"00Q"},{"livestream_id":6488823,"full_name":"Terri Flynnstress","dob":"1978-04-25T00:00:00.000Z","favorite_camera":"","favorite_movies":"","id":5,"$$hashKey":"00R"}]
2014-06-23 02:08:52.962 HelloCordova[20177:70b] 2 2
2014-06-23 02:08:52.962 HelloCordova[20177:70b] {"livestream_id":11,"full_name":"Charles-Eric Dessart","dob":"1986-06-24T00:00:00.000Z","favorite_camera":"","favorite_movies":"","id":2,"$$hashKey":"00O"}
2014-06-23 02:08:54.333 HelloCordova[20177:70b] [{"livestream_id":11,"full_name":"Charles-Eric Dessart","dob":"1986-06-24T00:00:00.000Z","favorite_camera":"","favorite_movies":"","id":2,"$$hashKey":"00O"},{"livestream_id":6488818,"full_name":"Martin Scorsese","dob":"1942-11-17T00:00:00.000Z","favorite_camera":"","favorite_movies":"","id":3,"$$hashKey":"00P"},{"livestream_id":6488824,"full_name":"James Cameron","dob":"1954-08-16T00:00:00.000Z","favorite_camera":"","favorite_movies":"","id":4,"$$hashKey":"00Q"},{"livestream_id":6488823,"full_name":"Terri Flynnstress","dob":"1978-04-25T00:00:00.000Z","favorite_camera":"","favorite_movies":"","id":5,"$$hashKey":"00R"}]
2014-06-23 02:08:54.334 HelloCordova[20177:70b] [{"livestream_id":11,"full_name":"Charles-Eric Dessart","dob":"1986-06-24T00:00:00.000Z","favorite_camera":"","favorite_movies":"","id":2,"$$hashKey":"00O"},{"livestream_id":6488818,"full_name":"Martin Scorsese","dob":"1942-11-17T00:00:00.000Z","favorite_camera":"","favorite_movies":"","id":3,"$$hashKey":"00P"},{"livestream_id":6488824,"full_name":"James Cameron","dob":"1954-08-16T00:00:00.000Z","favorite_camera":"","favorite_movies":"","id":4,"$$hashKey":"00Q"},{"livestream_id":6488823,"full_name":"Terri Flynnstress","dob":"1978-04-25T00:00:00.000Z","favorite_camera":"","favorite_movies":"","id":5,"$$hashKey":"00R"}]
2014-06-23 02:09:17.177 HelloCordova[20177:70b] 2 2
2014-06-23 02:09:17.178 HelloCordova[20177:70b] {"livestream_id":11,"full_name":"Charles-Eric Dessart","dob":"1986-06-24T00:00:00.000Z","favorite_camera":"","favorite_movies":"","id":2,"$$hashKey":"00O"}
2014-06-23 02:09:18.458 HelloCordova[20177:70b] [{"livestream_id":11,"full_name":"Charles-Eric Dessart","dob":"1986-06-24T00:00:00.000Z","favorite_camera":"","favorite_movies":"","id":2,"$$hashKey":"00O"},{"livestream_id":6488818,"full_name":"Martin Scorsese","dob":"1942-11-17T00:00:00.000Z","favorite_camera":"","favorite_movies":"","id":3,"$$hashKey":"00P"},{"livestream_id":6488824,"full_name":"James Cameron","dob":"1954-08-16T00:00:00.000Z","favorite_camera":"","favorite_movies":"","id":4,"$$hashKey":"00Q"},{"livestream_id":6488823,"full_name":"Terri Flynnstress","dob":"1978-04-25T00:00:00.000Z","favorite_camera":"","favorite_movies":"","id":5,"$$hashKey":"00R"}]
2014-06-23 02:09:18.465 HelloCordova[20177:70b] [{"livestream_id":11,"full_name":"Charles-Eric Dessart","dob":"1986-06-24T00:00:00.000Z","favorite_camera":"","favorite_movies":"","id":2,"$$hashKey":"00O"},{"livestream_id":6488818,"full_name":"Martin Scorsese","dob":"1942-11-17T00:00:00.000Z","favorite_camera":"","favorite_movies":"","id":3,"$$hashKey":"00P"},{"livestream_id":6488824,"full_name":"James Cameron","dob":"1954-08-16T00:00:00.000Z","favorite_camera":"","favorite_movies":"","id":4,"$$hashKey":"00Q"},{"livestream_id":6488823,"full_name":"Terri Flynnstress","dob":"1978-04-25T00:00:00.000Z","favorite_camera":"","favorite_movies":"","id":5,"$$hashKey":"00R"}]
2014-06-23 02:09:51.684 HelloCordova[20177:70b] [{"livestream_id":11,"full_name":"Charles-Eric Dessart","dob":"1986-06-24T00:00:00.000Z","favorite_camera":"","favorite_movies":"","id":2},{"livestream_id":6488818,"full_name":"Martin Scorsese","dob":"1942-11-17T00:00:00.000Z","favorite_camera":"","favorite_movies":"","id":3},{"livestream_id":6488824,"full_name":"James Cameron","dob":"1954-08-16T00:00:00.000Z","favorite_camera":"","favorite_movies":"","id":4},{"livestream_id":6488823,"full_name":"Terri Flynnstress","dob":"1978-04-25T00:00:00.000Z","favorite_camera":"","favorite_movies":"","id":5}]
2014-06-23 02:09:51.686 HelloCordova[20177:70b] [{"livestream_id":11,"full_name":"Charles-Eric Dessart","dob":"1986-06-24T00:00:00.000Z","favorite_camera":"","favorite_movies":"","id":2},{"livestream_id":6488818,"full_name":"Martin Scorsese","dob":"1942-11-17T00:00:00.000Z","favorite_camera":"","favorite_movies":"","id":3},{"livestream_id":6488824,"full_name":"James Cameron","dob":"1954-08-16T00:00:00.000Z","favorite_camera":"","favorite_movies":"","id":4},{"livestream_id":6488823,"full_name":"Terri Flynnstress","dob":"1978-04-25T00:00:00.000Z","favorite_camera":"","favorite_movies":"","id":5}]
2014-06-23 02:14:28.750 HelloCordova[20177:70b] 2 4
2014-06-23 02:14:28.757 HelloCordova[20177:70b] 3 4
2014-06-23 02:14:28.757 HelloCordova[20177:70b] 4 4
2014-06-23 02:14:28.758 HelloCordova[20177:70b] {"livestream_id":6488824,"full_name":"James Cameron","dob":"1954-08-16T00:00:00.000Z","favorite_camera":"","favorite_movies":"","id":4,"$$hashKey":"03L"}
2014-06-23 02:14:45.816 HelloCordova[20399:70b] Multi-tasking -> Device: YES, App: YES
2014-06-23 02:14:45.895 HelloCordova[20399:70b] Unlimited access to network resources
2014-06-23 02:14:45.984 HelloCordova[20399:70b] [CDVTimer][keyboard] 0.140965ms
2014-06-23 02:14:45.984 HelloCordova[20399:70b] CDVPlugin class CDVStatusBar (pluginName: statusbar) does not exist.
2014-06-23 02:14:45.985 HelloCordova[20399:70b] [CDVTimer][statusbar] 0.521958ms
2014-06-23 02:14:45.985 HelloCordova[20399:70b] [CDVTimer][TotalPluginStartup] 1.671970ms
2014-06-23 02:14:46.458 HelloCordova[20399:70b] Resetting plugins due to page load.
2014-06-23 02:14:46.774 HelloCordova[20399:70b] Finished load of: file:///Users/Abe/Library/Application%20Support/iPhone%20Simulator/7.1/Applications/14A272E5-36E6-4C2F-B268-F85638801406/HelloCordova.app/www/index.html#/tab/dash
2014-06-23 02:14:47.964 HelloCordova[20399:70b] [{"livestream_id":11,"full_name":"Charles-Eric Dessart","dob":"1986-06-24T00:00:00.000Z","favorite_camera":"","favorite_movies":"","id":2},{"livestream_id":6488818,"full_name":"Martin Scorsese","dob":"1942-11-17T00:00:00.000Z","favorite_camera":"","favorite_movies":"","id":3},{"livestream_id":6488824,"full_name":"James Cameron","dob":"1954-08-16T00:00:00.000Z","favorite_camera":"","favorite_movies":"","id":4},{"livestream_id":6488823,"full_name":"Terri Flynnstress","dob":"1978-04-25T00:00:00.000Z","favorite_camera":"","favorite_movies":"","id":5}]
2014-06-23 02:14:47.965 HelloCordova[20399:70b] [{"livestream_id":11,"full_name":"Charles-Eric Dessart","dob":"1986-06-24T00:00:00.000Z","favorite_camera":"","favorite_movies":"","id":2},{"livestream_id":6488818,"full_name":"Martin Scorsese","dob":"1942-11-17T00:00:00.000Z","favorite_camera":"","favorite_movies":"","id":3},{"livestream_id":6488824,"full_name":"James Cameron","dob":"1954-08-16T00:00:00.000Z","favorite_camera":"","favorite_movies":"","id":4},{"livestream_id":6488823,"full_name":"Terri Flynnstress","dob":"1978-04-25T00:00:00.000Z","favorite_camera":"","favorite_movies":"","id":5}]
2014-06-23 02:14:52.160 HelloCordova[20399:70b] [{"livestream_id":11,"full_name":"Charles-Eric Dessart","dob":"1986-06-24T00:00:00.000Z","favorite_camera":"","favorite_movies":"","id":2,"$$hashKey":"00O"},{"livestream_id":6488818,"full_name":"Martin Scorsese","dob":"1942-11-17T00:00:00.000Z","favorite_camera":"","favorite_movies":"","id":3,"$$hashKey":"00P"},{"livestream_id":6488824,"full_name":"James Cameron","dob":"1954-08-16T00:00:00.000Z","favorite_camera":"","favorite_movies":"","id":4,"$$hashKey":"00Q"},{"livestream_id":6488823,"full_name":"Terri Flynnstress","dob":"1978-04-25T00:00:00.000Z","favorite_camera":"","favorite_movies":"","id":5,"$$hashKey":"00R"}]
2014-06-23 02:14:52.161 HelloCordova[20399:70b] [{"livestream_id":11,"full_name":"Charles-Eric Dessart","dob":"1986-06-24T00:00:00.000Z","favorite_camera":"","favorite_movies":"","id":2,"$$hashKey":"00O"},{"livestream_id":6488818,"full_name":"Martin Scorsese","dob":"1942-11-17T00:00:00.000Z","favorite_camera":"","favorite_movies":"","id":3,"$$hashKey":"00P"},{"livestream_id":6488824,"full_name":"James Cameron","dob":"1954-08-16T00:00:00.000Z","favorite_camera":"","favorite_movies":"","id":4,"$$hashKey":"00Q"},{"livestream_id":6488823,"full_name":"Terri Flynnstress","dob":"1978-04-25T00:00:00.000Z","favorite_camera":"","favorite_movies":"","id":5,"$$hashKey":"00R"}]
2014-06-23 02:16:52.883 HelloCordova[20399:70b] [{"livestream_id":11,"full_name":"Charles-Eric Dessart","dob":"1986-06-24T00:00:00.000Z","favorite_camera":"","favorite_movies":"","id":2,"$$hashKey":"00O"},{"livestream_id":6488818,"full_name":"Martin Scorsese","dob":"1942-11-17T00:00:00.000Z","favorite_camera":"","favorite_movies":"","id":3,"$$hashKey":"00P"},{"livestream_id":6488824,"full_name":"James Cameron","dob":"1954-08-16T00:00:00.000Z","favorite_camera":"","favorite_movies":"","id":4,"$$hashKey":"00Q"},{"livestream_id":6488823,"full_name":"Terri Flynnstress","dob":"1978-04-25T00:00:00.000Z","favorite_camera":"","favorite_movies":"","id":5,"$$hashKey":"00R"}]
2014-06-23 02:16:52.890 HelloCordova[20399:70b] [{"livestream_id":11,"full_name":"Charles-Eric Dessart","dob":"1986-06-24T00:00:00.000Z","favorite_camera":"","favorite_movies":"","id":2,"$$hashKey":"00O"},{"livestream_id":6488818,"full_name":"Martin Scorsese","dob":"1942-11-17T00:00:00.000Z","favorite_camera":"","favorite_movies":"","id":3,"$$hashKey":"00P"},{"livestream_id":6488824,"full_name":"James Cameron","dob":"1954-08-16T00:00:00.000Z","favorite_camera":"","favorite_movies":"","id":4,"$$hashKey":"00Q"},{"livestream_id":6488823,"full_name":"Terri Flynnstress","dob":"1978-04-25T00:00:00.000Z","favorite_camera":"","favorite_movies":"","id":5,"$$hashKey":"00R"}]
2014-06-23 02:17:20.651 HelloCordova[20399:70b] [{"livestream_id":11,"full_name":"Charles-Eric Dessart","dob":"1986-06-24T00:00:00.000Z","favorite_camera":"","favorite_movies":"","id":2},{"livestream_id":6488818,"full_name":"Martin Scorsese","dob":"1942-11-17T00:00:00.000Z","favorite_camera":"","favorite_movies":"","id":3},{"livestream_id":6488824,"full_name":"James Cameron","dob":"1954-08-16T00:00:00.000Z","favorite_camera":"","favorite_movies":"","id":4},{"livestream_id":6488823,"full_name":"Terri Flynnstress","dob":"1978-04-25T00:00:00.000Z","favorite_camera":"","favorite_movies":"","id":5}]
2014-06-23 02:17:20.658 HelloCordova[20399:70b] [{"livestream_id":11,"full_name":"Charles-Eric Dessart","dob":"1986-06-24T00:00:00.000Z","favorite_camera":"","favorite_movies":"","id":2},{"livestream_id":6488818,"full_name":"Martin Scorsese","dob":"1942-11-17T00:00:00.000Z","favorite_camera":"","favorite_movies":"","id":3},{"livestream_id":6488824,"full_name":"James Cameron","dob":"1954-08-16T00:00:00.000Z","favorite_camera":"","favorite_movies":"","id":4},{"livestream_id":6488823,"full_name":"Terri Flynnstress","dob":"1978-04-25T00:00:00.000Z","favorite_camera":"","favorite_movies":"","id":5}]
2014-06-23 02:17:22.777 HelloCordova[20399:70b] [{"livestream_id":11,"full_name":"Charles-Eric Dessart","dob":"1986-06-24T00:00:00.000Z","favorite_camera":"","favorite_movies":"","id":2,"$$hashKey":"02F"},{"livestream_id":6488818,"full_name":"Martin Scorsese","dob":"1942-11-17T00:00:00.000Z","favorite_camera":"","favorite_movies":"","id":3,"$$hashKey":"02G"},{"livestream_id":6488824,"full_name":"James Cameron","dob":"1954-08-16T00:00:00.000Z","favorite_camera":"","favorite_movies":"","id":4,"$$hashKey":"02H"},{"livestream_id":6488823,"full_name":"Terri Flynnstress","dob":"1978-04-25T00:00:00.000Z","favorite_camera":"","favorite_movies":"","id":5,"$$hashKey":"02I"}]
2014-06-23 02:17:22.778 HelloCordova[20399:70b] [{"livestream_id":11,"full_name":"Charles-Eric Dessart","dob":"1986-06-24T00:00:00.000Z","favorite_camera":"","favorite_movies":"","id":2,"$$hashKey":"02F"},{"livestream_id":6488818,"full_name":"Martin Scorsese","dob":"1942-11-17T00:00:00.000Z","favorite_camera":"","favorite_movies":"","id":3,"$$hashKey":"02G"},{"livestream_id":6488824,"full_name":"James Cameron","dob":"1954-08-16T00:00:00.000Z","favorite_camera":"","favorite_movies":"","id":4,"$$hashKey":"02H"},{"livestream_id":6488823,"full_name":"Terri Flynnstress","dob":"1978-04-25T00:00:00.000Z","favorite_camera":"","favorite_movies":"","id":5,"$$hashKey":"02I"}]
2014-06-23 02:17:27.795 HelloCordova[20399:70b] [{"livestream_id":11,"full_name":"Charles-Eric Dessart","dob":"1986-06-24T00:00:00.000Z","favorite_camera":"","favorite_movies":"","id":2},{"livestream_id":6488818,"full_name":"Martin Scorsese","dob":"1942-11-17T00:00:00.000Z","favorite_camera":"","favorite_movies":"","id":3},{"livestream_id":6488824,"full_name":"James Cameron","dob":"1954-08-16T00:00:00.000Z","favorite_camera":"","favorite_movies":"","id":4},{"livestream_id":6488823,"full_name":"Terri Flynnstress","dob":"1978-04-25T00:00:00.000Z","favorite_camera":"","favorite_movies":"","id":5}]
2014-06-23 02:17:27.796 HelloCordova[20399:70b] [{"livestream_id":11,"full_name":"Charles-Eric Dessart","dob":"1986-06-24T00:00:00.000Z","favorite_camera":"","favorite_movies":"","id":2},{"livestream_id":6488818,"full_name":"Martin Scorsese","dob":"1942-11-17T00:00:00.000Z","favorite_camera":"","favorite_movies":"","id":3},{"livestream_id":6488824,"full_name":"James Cameron","dob":"1954-08-16T00:00:00.000Z","favorite_camera":"","favorite_movies":"","id":4},{"livestream_id":6488823,"full_name":"Terri Flynnstress","dob":"1978-04-25T00:00:00.000Z","favorite_camera":"","favorite_movies":"","id":5}]
2014-06-23 02:17:31.330 HelloCordova[20399:70b] [{"livestream_id":11,"full_name":"Charles-Eric Dessart","dob":"1986-06-24T00:00:00.000Z","favorite_camera":"","favorite_movies":"","id":2},{"livestream_id":6488818,"full_name":"Martin Scorsese","dob":"1942-11-17T00:00:00.000Z","favorite_camera":"","favorite_movies":"","id":3},{"livestream_id":6488824,"full_name":"James Cameron","dob":"1954-08-16T00:00:00.000Z","favorite_camera":"","favorite_movies":"","id":4},{"livestream_id":6488823,"full_name":"Terri Flynnstress","dob":"1978-04-25T00:00:00.000Z","favorite_camera":"","favorite_movies":"","id":5}]
2014-06-23 02:17:31.331 HelloCordova[20399:70b] [{"livestream_id":11,"full_name":"Charles-Eric Dessart","dob":"1986-06-24T00:00:00.000Z","favorite_camera":"","favorite_movies":"","id":2},{"livestream_id":6488818,"full_name":"Martin Scorsese","dob":"1942-11-17T00:00:00.000Z","favorite_camera":"","favorite_movies":"","id":3},{"livestream_id":6488824,"full_name":"James Cameron","dob":"1954-08-16T00:00:00.000Z","favorite_camera":"","favorite_movies":"","id":4},{"livestream_id":6488823,"full_name":"Terri Flynnstress","dob":"1978-04-25T00:00:00.000Z","favorite_camera":"","favorite_movies":"","id":5}]
2014-06-23 02:17:51.265 HelloCordova[20399:70b] [{"livestream_id":11,"full_name":"Charles-Eric Dessart","dob":"1986-06-24T00:00:00.000Z","favorite_camera":"","favorite_movies":"","id":2},{"livestream_id":6488818,"full_name":"Martin Scorsese","dob":"1942-11-17T00:00:00.000Z","favorite_camera":"","favorite_movies":"","id":3},{"livestream_id":6488824,"full_name":"James Cameron","dob":"1954-08-16T00:00:00.000Z","favorite_camera":"","favorite_movies":"","id":4},{"livestream_id":6488823,"full_name":"Terri Flynnstress","dob":"1978-04-25T00:00:00.000Z","favorite_camera":"","favorite_movies":"","id":5}]
2014-06-23 02:17:51.266 HelloCordova[20399:70b] [{"livestream_id":11,"full_name":"Charles-Eric Dessart","dob":"1986-06-24T00:00:00.000Z","favorite_camera":"","favorite_movies":"","id":2},{"livestream_id":6488818,"full_name":"Martin Scorsese","dob":"1942-11-17T00:00:00.000Z","favorite_camera":"","favorite_movies":"","id":3},{"livestream_id":6488824,"full_name":"James Cameron","dob":"1954-08-16T00:00:00.000Z","favorite_camera":"","favorite_movies":"","id":4},{"livestream_id":6488823,"full_name":"Terri Flynnstress","dob":"1978-04-25T00:00:00.000Z","favorite_camera":"","favorite_movies":"","id":5}]
2014-06-23 02:19:28.981 HelloCordova[20399:70b] 2 3
2014-06-23 02:19:28.982 HelloCordova[20399:70b] 3 3
2014-06-23 02:19:28.983 HelloCordova[20399:70b] {"livestream_id":6488818,"full_name":"Martin Scorsese","dob":"1942-11-17T00:00:00.000Z","favorite_camera":"","favorite_movies":"","id":3,"$$hashKey":"04X"}
2014-06-23 02:19:55.916 HelloCordova[20399:70b] [{"livestream_id":11,"full_name":"Charles-Eric Dessart","dob":"1986-06-24T00:00:00.000Z","favorite_camera":"","favorite_movies":"","id":2,"$$hashKey":"04W"},{"livestream_id":6488818,"full_name":"Martin Scorsese","dob":"1942-11-17T00:00:00.000Z","favorite_camera":"","favorite_movies":"","id":3,"$$hashKey":"04X"},{"livestream_id":6488824,"full_name":"James Cameron","dob":"1954-08-16T00:00:00.000Z","favorite_camera":"","favorite_movies":"","id":4,"$$hashKey":"04Y"},{"livestream_id":6488823,"full_name":"Terri Flynnstress","dob":"1978-04-25T00:00:00.000Z","favorite_camera":"","favorite_movies":"","id":5,"$$hashKey":"04Z"}]
2014-06-23 02:19:55.917 HelloCordova[20399:70b] [{"livestream_id":11,"full_name":"Charles-Eric Dessart","dob":"1986-06-24T00:00:00.000Z","favorite_camera":"","favorite_movies":"","id":2,"$$hashKey":"04W"},{"livestream_id":6488818,"full_name":"Martin Scorsese","dob":"1942-11-17T00:00:00.000Z","favorite_camera":"","favorite_movies":"","id":3,"$$hashKey":"04X"},{"livestream_id":6488824,"full_name":"James Cameron","dob":"1954-08-16T00:00:00.000Z","favorite_camera":"","favorite_movies":"","id":4,"$$hashKey":"04Y"},{"livestream_id":6488823,"full_name":"Terri Flynnstress","dob":"1978-04-25T00:00:00.000Z","favorite_camera":"","favorite_movies":"","id":5,"$$hashKey":"04Z"}]
2014-06-23 02:21:24.583 HelloCordova[20399:70b] [{"livestream_id":11,"full_name":"Charles-Eric Dessart","dob":"1986-06-24T00:00:00.000Z","favorite_camera":"","favorite_movies":"","id":2},{"livestream_id":6488818,"full_name":"Martin Scorsese","dob":"1942-11-17T00:00:00.000Z","favorite_camera":"","favorite_movies":"","id":3},{"livestream_id":6488824,"full_name":"James Cameron","dob":"1954-08-16T00:00:00.000Z","favorite_camera":"","favorite_movies":"","id":4},{"livestream_id":6488823,"full_name":"Terri Flynnstress","dob":"1978-04-25T00:00:00.000Z","favorite_camera":"","favorite_movies":"","id":5}]
2014-06-23 02:21:24.585 HelloCordova[20399:70b] [{"livestream_id":11,"full_name":"Charles-Eric Dessart","dob":"1986-06-24T00:00:00.000Z","favorite_camera":"","favorite_movies":"","id":2},{"livestream_id":6488818,"full_name":"Martin Scorsese","dob":"1942-11-17T00:00:00.000Z","favorite_camera":"","favorite_movies":"","id":3},{"livestream_id":6488824,"full_name":"James Cameron","dob":"1954-08-16T00:00:00.000Z","favorite_camera":"","favorite_movies":"","id":4},{"livestream_id":6488823,"full_name":"Terri Flynnstress","dob":"1978-04-25T00:00:00.000Z","favorite_camera":"","favorite_movies":"","id":5}]
2014-06-23 02:21:42.859 HelloCordova[20621:70b] Multi-tasking -> Device: YES, App: YES
2014-06-23 02:21:42.921 HelloCordova[20621:70b] Unlimited access to network resources
2014-06-23 02:21:43.014 HelloCordova[20621:70b] [CDVTimer][keyboard] 0.128984ms
2014-06-23 02:21:43.014 HelloCordova[20621:70b] CDVPlugin class CDVStatusBar (pluginName: statusbar) does not exist.
2014-06-23 02:21:43.015 HelloCordova[20621:70b] [CDVTimer][statusbar] 0.499010ms
2014-06-23 02:21:43.015 HelloCordova[20621:70b] [CDVTimer][TotalPluginStartup] 1.599014ms
2014-06-23 02:21:43.429 HelloCordova[20621:70b] Resetting plugins due to page load.
2014-06-23 02:21:43.738 HelloCordova[20621:70b] Finished load of: file:///Users/Abe/Library/Application%20Support/iPhone%20Simulator/7.1/Applications/14A272E5-36E6-4C2F-B268-F85638801406/HelloCordova.app/www/index.html#/tab/dash
2014-06-23 02:21:45.099 HelloCordova[20621:70b] [{"livestream_id":11,"full_name":"Charles-Eric Dessart","dob":"1986-06-24T00:00:00.000Z","favorite_camera":"","favorite_movies":"","id":2},{"livestream_id":6488818,"full_name":"Martin Scorsese","dob":"1942-11-17T00:00:00.000Z","favorite_camera":"","favorite_movies":"","id":3},{"livestream_id":6488824,"full_name":"James Cameron","dob":"1954-08-16T00:00:00.000Z","favorite_camera":"","favorite_movies":"","id":4},{"livestream_id":6488823,"full_name":"Terri Flynnstress","dob":"1978-04-25T00:00:00.000Z","favorite_camera":"","favorite_movies":"","id":5}]
2014-06-23 02:21:45.099 HelloCordova[20621:70b] [{"livestream_id":11,"full_name":"Charles-Eric Dessart","dob":"1986-06-24T00:00:00.000Z","favorite_camera":"","favorite_movies":"","id":2},{"livestream_id":6488818,"full_name":"Martin Scorsese","dob":"1942-11-17T00:00:00.000Z","favorite_camera":"","favorite_movies":"","id":3},{"livestream_id":6488824,"full_name":"James Cameron","dob":"1954-08-16T00:00:00.000Z","favorite_camera":"","favorite_movies":"","id":4},{"livestream_id":6488823,"full_name":"Terri Flynnstress","dob":"1978-04-25T00:00:00.000Z","favorite_camera":"","favorite_movies":"","id":5}]
2014-06-23 02:41:13.593 HelloCordova[20980:70b] Multi-tasking -> Device: YES, App: YES
2014-06-23 02:41:13.646 HelloCordova[20980:70b] Unlimited access to network resources
2014-06-23 02:41:13.803 HelloCordova[20980:70b] [CDVTimer][keyboard] 0.141025ms
2014-06-23 02:41:13.803 HelloCordova[20980:70b] CDVPlugin class CDVStatusBar (pluginName: statusbar) does not exist.
2014-06-23 02:41:13.804 HelloCordova[20980:70b] [CDVTimer][statusbar] 0.508010ms
2014-06-23 02:41:13.804 HelloCordova[20980:70b] [CDVTimer][TotalPluginStartup] 1.644015ms
2014-06-23 02:41:14.483 HelloCordova[20980:70b] Resetting plugins due to page load.
2014-06-23 02:41:14.787 HelloCordova[20980:70b] Finished load of: file:///Users/Abe/Library/Application%20Support/iPhone%20Simulator/7.1/Applications/14A272E5-36E6-4C2F-B268-F85638801406/HelloCordova.app/www/index.html#/tab/dash
2014-06-23 02:52:04.574 HelloCordova[21357:70b] Multi-tasking -> Device: YES, App: YES
2014-06-23 02:52:04.624 HelloCordova[21357:70b] Unlimited access to network resources
2014-06-23 02:52:04.742 HelloCordova[21357:70b] [CDVTimer][keyboard] 0.084043ms
2014-06-23 02:52:04.743 HelloCordova[21357:70b] CDVPlugin class CDVStatusBar (pluginName: statusbar) does not exist.
2014-06-23 02:52:04.743 HelloCordova[21357:70b] [CDVTimer][statusbar] 0.452995ms
2014-06-23 02:52:04.743 HelloCordova[21357:70b] [CDVTimer][TotalPluginStartup] 1.287997ms
2014-06-23 02:52:05.119 HelloCordova[21357:70b] Resetting plugins due to page load.
2014-06-23 02:52:05.406 HelloCordova[21357:70b] Finished load of: file:///Users/Abe/Library/Application%20Support/iPhone%20Simulator/7.1/Applications/14A272E5-36E6-4C2F-B268-F85638801406/HelloCordova.app/www/index.html#/tab/dash
2014-06-23 02:55:44.459 HelloCordova[21357:70b] 2 4
2014-06-23 02:55:44.466 HelloCordova[21357:70b] 3 4
2014-06-23 02:55:44.466 HelloCordova[21357:70b] 4 4
2014-06-23 02:55:44.467 HelloCordova[21357:70b] {"livestream_id":6488824,"full_name":"James Cameron","dob":"1954-08-16T00:00:00.000Z","favorite_camera":"","favorite_movies":"","id":4,"$$hashKey":"011"}
2014-06-23 02:55:56.189 HelloCordova[21536:70b] Multi-tasking -> Device: YES, App: YES
2014-06-23 02:55:56.202 HelloCordova[21536:70b] Unlimited access to network resources
2014-06-23 02:55:56.230 HelloCordova[21536:70b] [CDVTimer][keyboard] 0.120997ms
2014-06-23 02:55:56.231 HelloCordova[21536:70b] CDVPlugin class CDVStatusBar (pluginName: statusbar) does not exist.
2014-06-23 02:55:56.231 HelloCordova[21536:70b] [CDVTimer][statusbar] 0.504017ms
2014-06-23 02:55:56.232 HelloCordova[21536:70b] [CDVTimer][TotalPluginStartup] 1.612008ms
2014-06-23 02:55:56.589 HelloCordova[21536:70b] Resetting plugins due to page load.
2014-06-23 02:55:56.842 HelloCordova[21536:70b] Finished load of: file:///Users/Abe/Library/Application%20Support/iPhone%20Simulator/7.1/Applications/14A272E5-36E6-4C2F-B268-F85638801406/HelloCordova.app/www/index.html#/tab/dash
